#
# A fatal error has been detected by the Java Runtime Environment:
#
#  SIGSEGV (0xb) at pc=0x00007fe64ffb7855, pid=25922, tid=25946
#
# JRE version: OpenJDK Runtime Environment (15.0+36) (build 15+36-1562)
# Java VM: OpenJDK 64-Bit Server VM (15+36-1562, mixed mode, tiered, compressed oops, g1 gc, linux-amd64)
# Problematic frame:
# V  [libjvm.so+0x6de855]  GenerateOopMap::do_field(int, int, int, int)+0x45
#
# No core dump will be written. Core dumps have been disabled. To enable core dumping, try "ulimit -c unlimited" before starting Java again
#
# If you would like to submit a bug report, please visit:
#   https://bugreport.java.com/bugreport/crash.jsp
#

---------------  S U M M A R Y ------------

Command Line: -XX:+ShowCodeDetailsInExceptionMessages -agentlib:jdwp=transport=dt_socket,suspend=y,address=localhost:41121 -ea -javaagent:/home/jcornejo/IDES/RAGNAX-STS/configuration/org.eclipse.osgi/257/0/.cp/lib/javaagent-shaded.jar -Dfile.encoding=UTF-8 org.eclipse.jdt.internal.junit.runner.RemoteTestRunner -version 3 -port 44181 -testLoaderClass org.eclipse.jdt.internal.junit5.runner.JUnit5TestLoader -loaderpluginname org.eclipse.jdt.junit5.runtime -classNames com.desafio.Desafio20210318ApplicationTests

Host: Intel(R) Core(TM) i7-8550U CPU @ 1.80GHz, 8 cores, 15G, Debian GNU/Linux 10 (buster)
Time: Fri Mar 19 00:33:22 2021 -03 elapsed time: 517.468241 seconds (0d 0h 8m 37s)

---------------  T H R E A D  ---------------

Current thread (0x00007fe6483610d0):  JavaThread "JDWP Transport Listener: dt_socket" daemon [_thread_in_vm, id=25946, stack(0x00007fe62cc59000,0x00007fe62cd5a000)] _threads_hazard_ptr=0x00007fe5d9286100

Stack: [0x00007fe62cc59000,0x00007fe62cd5a000],  sp=0x00007fe62cd58250,  free space=1020k
Native frames: (J=compiled Java code, A=aot compiled Java code, j=interpreted, Vv=VM code, C=native code)
V  [libjvm.so+0x6de855]  GenerateOopMap::do_field(int, int, int, int)+0x45
V  [libjvm.so+0x6e2ea0]  GenerateOopMap::interp_bb(BasicBlock*)+0x1e0
V  [libjvm.so+0x6e48b0]  GenerateOopMap::do_interpretation()+0xc0
V  [libjvm.so+0x6e4b83]  GenerateOopMap::compute_map(Thread*)+0x293
V  [libjvm.so+0xb342d4]  OopMapForCacheEntry::compute_map(Thread*) [clone .part.0]+0x54
V  [libjvm.so+0xb3501b]  OopMapCacheEntry::fill(methodHandle const&, int)+0x1bb
V  [libjvm.so+0xb35507]  OopMapCache::compute_one_oop_map(methodHandle const&, int, InterpreterOopMap*)+0x57
V  [libjvm.so+0xadb7de]  Method::mask_for(int, InterpreterOopMap*)+0xae
V  [libjvm.so+0xd513c2]  interpretedVFrame::stack_data(bool) const+0x122
V  [libjvm.so+0x9734e4]  VM_GetOrSetLocal::check_slot_type_no_lvt(javaVFrame*)+0x44
V  [libjvm.so+0x973614]  VM_GetOrSetLocal::doit_prologue()+0xb4
V  [libjvm.so+0xd680c1]  VMThread::execute(VM_Operation*)+0x51
V  [libjvm.so+0x9500b1]  JvmtiEnv::GetLocalObject(JavaThread*, int, int, _jobject**)+0x91
V  [libjvm.so+0x903731]  jvmti_GetLocalObject+0x251
C  [libjdwp.so+0x96ed]  thisObject+0x1ad
C  [libjdwp.so+0x12df9]  debugLoop_run+0x2b9
C  [libjdwp.so+0x25c53]  attachThread+0x33
V  [libjvm.so+0x971f17]  JvmtiAgentThread::call_start_function()+0x87
V  [libjvm.so+0xcf14de]  JavaThread::thread_main_inner()+0xde
V  [libjvm.so+0xcf634d]  Thread::call_run()+0xfd
V  [libjvm.so+0xb49577]  thread_native_entry(Thread*)+0xe7


siginfo: si_signo: 11 (SIGSEGV), si_code: 1 (SEGV_MAPERR), si_addr: 0x0000000000000006

Register to memory mapping:

RAX=0x0 is NULL
RBX=0x0000000000000001 is an unknown value
RCX=0x000000000000ca02 is an unknown value
RDX=0x0 is NULL
RSP=0x00007fe62cd58250 is pointing into the stack for thread: 0x00007fe6483610d0
RBP=0x00007fe62cd582a0 is pointing into the stack for thread: 0x00007fe6483610d0
RSI=0x0 is NULL
RDI=0x00007fe62c809948 is pointing into metadata
R8 =0x0000000000000043 is an unknown value
R9 =0x0 is NULL
R10=0x00007fe61405ec60 points into unknown readable memory: 0x0000000000000001 | 01 00 00 00 00 00 00 00
R11=0x0 is NULL
R12=0x00007fe62cd58510 is pointing into the stack for thread: 0x00007fe6483610d0
R13=0x0 is NULL
R14=0x0000000000000043 is an unknown value
R15=0x00007fe62c809948 is pointing into metadata


Registers:
RAX=0x0000000000000000, RBX=0x0000000000000001, RCX=0x000000000000ca02, RDX=0x0000000000000000
RSP=0x00007fe62cd58250, RBP=0x00007fe62cd582a0, RSI=0x0000000000000000, RDI=0x00007fe62c809948
R8 =0x0000000000000043, R9 =0x0000000000000000, R10=0x00007fe61405ec60, R11=0x0000000000000000
R12=0x00007fe62cd58510, R13=0x0000000000000000, R14=0x0000000000000043, R15=0x00007fe62c809948
RIP=0x00007fe64ffb7855, EFLAGS=0x0000000000010246, CSGSFS=0x002b000000000033, ERR=0x0000000000000004
  TRAPNO=0x000000000000000e

Top of Stack: (sp=0x00007fe62cd58250)
0x00007fe62cd58250:   00007fe62c80a1c8 00007fe6483610d0
0x00007fe62cd58260:   00007fe62c80a173 00007fe650a25270
0x00007fe62cd58270:   00007fe62c80a1c8 000000000000004d
0x00007fe62cd58280:   00007fe62cd582f0 00000000000000b4 

Instructions: (pc=0x00007fe64ffb7855)
0x00007fe64ffb7755:   37 66 2e 0f 1f 84 00 00 00 00 00 48 63 43 58 49
0x00007fe64ffb7765:   83 c5 04 3b 43 24 7d 73 48 63 73 20 41 8b 4d fc
0x00007fe64ffb7775:   8d 78 01 48 8b 53 48 89 7b 58 48 01 f0 89 0c 82
0x00007fe64ffb7785:   41 8b 45 00 85 c0 75 d3 48 83 c4 08 5b 41 5c 41
0x00007fe64ffb7795:   5d 41 5e 41 5f 5d c3 0f 1f 40 00 4c 89 e6 48 89
0x00007fe64ffb77a5:   df 31 c0 e8 23 f3 ff ff 45 8b 3e 45 85 ff 74 92
0x00007fe64ffb77b5:   8b 43 58 49 83 c6 04 85 c0 0f 8f 5b ff ff ff 31
0x00007fe64ffb77c5:   c0 4c 89 e6 48 89 df e8 ff f2 ff ff 8b 05 a9 da
0x00007fe64ffb77d5:   a6 00 e9 59 ff ff ff 0f 1f 40 00 4c 89 e6 48 89
0x00007fe64ffb77e5:   df 31 c0 e8 e3 f2 ff ff 41 8b 55 00 85 d2 0f 85
0x00007fe64ffb77f5:   67 ff ff ff 48 83 c4 08 5b 41 5c 41 5d 41 5e 41
0x00007fe64ffb7805:   5f 5d c3 0f 1f 84 00 00 00 00 00 55 48 89 e5 41
0x00007fe64ffb7815:   57 41 56 45 89 c6 41 55 41 89 d5 31 d2 41 54 49
0x00007fe64ffb7825:   89 fc 53 89 f3 89 ce 48 83 ec 28 48 8b 47 08 48
0x00007fe64ffb7835:   8b 40 08 4c 8b 78 08 4c 89 ff e8 2c 5f e7 ff 4c
0x00007fe64ffb7845:   89 ff 89 c6 e8 c2 60 e7 ff 48 98 49 8b 44 c7 48
0x00007fe64ffb7855:   0f be 78 06 e8 82 b2 53 00 8d 50 f4 83 fa 01 0f
0x00007fe64ffb7865:   86 a6 00 00 00 8d 48 f9 48 8d 15 cc d9 a6 00 83
0x00007fe64ffb7875:   e1 fb 74 15 83 f8 0e 48 8d 15 f5 d9 a6 00 48 8d
0x00007fe64ffb7885:   05 fe d9 a6 00 48 0f 44 d0 85 db 75 6e 8b 32 85
0x00007fe64ffb7895:   f6 0f 84 ac 00 00 00 8b 3d 26 d9 a6 00 31 c0 48
0x00007fe64ffb78a5:   8d 75 c0 0f 1f 84 00 00 00 00 00 8b 0c 82 8d 58
0x00007fe64ffb78b5:   01 89 0c 86 48 83 c0 01 8b 0c 82 85 c9 75 ec 48
0x00007fe64ffb78c5:   8d 15 bd d9 a6 00 45 85 ed 75 10 8b 0d ea d8 a6
0x00007fe64ffb78d5:   00 48 63 c3 83 c3 01 89 4c 85 c0 48 63 db 89 7c
0x00007fe64ffb78e5:   9d c0 4c 89 e7 e8 f1 fd ff ff 48 83 c4 28 5b 41
0x00007fe64ffb78f5:   5c 41 5d 41 5e 41 5f 5d c3 66 90 8b 3d c2 d8 a6
0x00007fe64ffb7905:   00 31 db 48 8d 75 c0 eb bd 66 90 8b 3d b2 d8 a6
0x00007fe64ffb7915:   00 41 81 e6 ff ff ff 00 48 8d 55 b0 41 81 ce 00
0x00007fe64ffb7925:   00 00 46 44 89 75 b0 89 7d b4 85 db 0f 84 6b ff
0x00007fe64ffb7935:   ff ff 31 db 48 8d 55 b0 48 8d 75 c0 eb 88 0f 1f
0x00007fe64ffb7945:   44 00 00 8b 3d 7a d8 a6 00 48 8d 15 33 d9 a6 00 


Stack slot to memory mapping:
stack at sp + 0 slots: {method} {0x00007fe62c80a1c8} 'almacenarFechaFeriado_OK' '()V' in 'com/desafio/Desafio20210318ApplicationTests'
stack at sp + 1 slots: 0x00007fe6483610d0 is a thread
stack at sp + 2 slots: 0x00007fe62c80a173 is pointing into metadata
stack at sp + 3 slots: 0x00007fe650a25270: <offset 0x000000000114c270> in /home/jcornejo/IDES/RAGNAX-STS/plugins/org.eclipse.justj.openjdk.hotspot.jre.full.linux.x86_64_15.0.0.v20201014-1246/jre/lib/server/libjvm.so at 0x00007fe64f8d9000
stack at sp + 4 slots: {method} {0x00007fe62c80a1c8} 'almacenarFechaFeriado_OK' '()V' in 'com/desafio/Desafio20210318ApplicationTests'
stack at sp + 5 slots: 0x000000000000004d is an unknown value
stack at sp + 6 slots: 0x00007fe62cd582f0 is pointing into the stack for thread: 0x00007fe6483610d0
stack at sp + 7 slots: 0x00000000000000b4 is an unknown value


---------------  P R O C E S S  ---------------

Threads class SMR info:
_java_thread_list=0x00007fe5d9286100, length=17, elements={
0x00007fe64802de30, 0x00007fe64821c550, 0x00007fe6482261c0, 0x00007fe64823ccd0,
0x00007fe64823e3e0, 0x00007fe64823fd10, 0x00007fe648241540, 0x00007fe648242bf0,
0x00007fe6482e1a10, 0x00007fe6483610d0, 0x00007fe648364550, 0x00007fe5e8000f60,
0x00007fe600000e20, 0x00007fe6488ea2b0, 0x00007fe6489cb330, 0x00007fe64a7582f0,
0x00007fe649b91390
}

Java Threads: ( => current thread )
  0x00007fe64802de30 JavaThread "main" [_thread_blocked, id=25929, stack(0x00007fe64f655000,0x00007fe64f756000)]
  0x00007fe64821c550 JavaThread "Reference Handler" daemon [_thread_blocked, id=25937, stack(0x00007fe64c403000,0x00007fe64c504000)]
  0x00007fe6482261c0 JavaThread "Finalizer" daemon [_thread_blocked, id=25938, stack(0x00007fe64c302000,0x00007fe64c403000)]
  0x00007fe64823ccd0 JavaThread "Signal Dispatcher" daemon [_thread_blocked, id=25939, stack(0x00007fe62d25f000,0x00007fe62d360000)]
  0x00007fe64823e3e0 JavaThread "Service Thread" daemon [_thread_blocked, id=25940, stack(0x00007fe62d15e000,0x00007fe62d25f000)]
  0x00007fe64823fd10 JavaThread "C2 CompilerThread0" daemon [_thread_blocked, id=25941, stack(0x00007fe62d05d000,0x00007fe62d15e000)]
  0x00007fe648241540 JavaThread "C1 CompilerThread0" daemon [_thread_blocked, id=25942, stack(0x00007fe62cf5c000,0x00007fe62d05d000)]
  0x00007fe648242bf0 JavaThread "Sweeper thread" daemon [_thread_blocked, id=25943, stack(0x00007fe62ce5b000,0x00007fe62cf5c000)]
  0x00007fe6482e1a10 JavaThread "Common-Cleaner" daemon [_thread_blocked, id=25944, stack(0x00007fe62cd5a000,0x00007fe62ce5b000)]
=>0x00007fe6483610d0 JavaThread "JDWP Transport Listener: dt_socket" daemon [_thread_in_vm, id=25946, stack(0x00007fe62cc59000,0x00007fe62cd5a000)]
  0x00007fe648364550 JavaThread "JDWP Event Helper Thread" daemon [_thread_blocked, id=25948, stack(0x00007fe62cb58000,0x00007fe62cc59000)]
  0x00007fe5e8000f60 JavaThread "JDWP Command Reader" daemon [_thread_in_native, id=25950, stack(0x00007fe62ca57000,0x00007fe62cb58000)]
  0x00007fe600000e20 JavaThread "Attach Listener" daemon [_thread_blocked, id=25953, stack(0x00007fe62c956000,0x00007fe62ca57000)]
  0x00007fe6488ea2b0 JavaThread "Notification Thread" daemon [_thread_blocked, id=25955, stack(0x00007fe62c527000,0x00007fe62c628000)]
  0x00007fe6489cb330 JavaThread "ReaderThread" [_thread_in_native, id=25957, stack(0x00007fe62c03b000,0x00007fe62c13c000)]
  0x00007fe64a7582f0 JavaThread "mysql-cj-abandoned-connection-cleanup" daemon [_thread_blocked, id=25985, stack(0x00007fe61d1f5000,0x00007fe61d2f6000)]
  0x00007fe649b91390 JavaThread "HikariPool-1 housekeeper" daemon [_thread_blocked, id=25986, stack(0x00007fe61ccf3000,0x00007fe61cdf4000)]

Other Threads:
  0x00007fe6482023a0 VMThread "VM Thread" [stack: 0x00007fe64c506000,0x00007fe64c606000] [id=25936]
  0x00007fe64822d190 WatcherThread [stack: 0x00007fe62c427000,0x00007fe62c527000] [id=25956]
  0x00007fe64807ca70 GCTaskThread "GC Thread#0" [stack: 0x00007fe64d335000,0x00007fe64d435000] [id=25931]
  0x00007fe614000fd0 GCTaskThread "GC Thread#1" [stack: 0x00007fe61df00000,0x00007fe61e000000] [id=25958]
  0x00007fe614001d30 GCTaskThread "GC Thread#2" [stack: 0x00007fe61ddfe000,0x00007fe61defe000] [id=25959]
  0x00007fe614002ac0 GCTaskThread "GC Thread#3" [stack: 0x00007fe61dcfc000,0x00007fe61ddfc000] [id=25960]
  0x00007fe614003850 GCTaskThread "GC Thread#4" [stack: 0x00007fe61dbfa000,0x00007fe61dcfa000] [id=25961]
  0x00007fe6140094c0 GCTaskThread "GC Thread#5" [stack: 0x00007fe61cbe4000,0x00007fe61cce4000] [id=25977]
  0x00007fe64808d940 ConcurrentGCThread "G1 Main Marker" [stack: 0x00007fe64d233000,0x00007fe64d333000] [id=25932]
  0x00007fe64808ebd0 ConcurrentGCThread "G1 Conc#0" [stack: 0x00007fe64d131000,0x00007fe64d231000] [id=25933]
  0x00007fe620000ce0 ConcurrentGCThread "G1 Conc#1" [stack: 0x00007fe61d2f8000,0x00007fe61d3f8000] [id=25975]
  0x00007fe648142540 ConcurrentGCThread "G1 Refine#0" [stack: 0x00007fe64c827000,0x00007fe64c927000] [id=25934]
  0x00007fe648143750 ConcurrentGCThread "G1 Young RemSet Sampling" [stack: 0x00007fe64c725000,0x00007fe64c825000] [id=25935]

Threads with active compile tasks:

VM state: not at safepoint (normal execution)

VM Mutex/Monitor currently owned by a thread: None

Heap address: 0x000000070aa00000, size: 3926 MB, Compressed Oops mode: Zero based, Oop shift amount: 3
CDS disabled.
Compressed class space mapped at: 0x0000000800000000-0x0000000840000000, size: 1073741824
Narrow klass base: 0x0000000800000000, Narrow klass shift: 0, Narrow klass range: 0x40000000

GC Precious Log:
 CPUs: 8 total, 8 available
 Memory: 15699M
 Large Page Support: Disabled
 NUMA Support: Disabled
 Compressed Oops: Enabled (Zero based)
 Heap Region Size: 2M
 Heap Min Capacity: 8M
 Heap Initial Capacity: 246M
 Heap Max Capacity: 3926M
 Pre-touch: Disabled
 Parallel Workers: 8
 Concurrent Workers: 2
 Concurrent Refinement Workers: 8
 Periodic GC: Disabled

Heap:
 garbage-first heap   total 122880K, used 67996K [0x000000070aa00000, 0x0000000800000000)
  region size 2048K, 19 young (38912K), 2 survivors (4096K)
 Metaspace       used 77199K, capacity 77782K, committed 78124K, reserved 1118208K
  class space    used 9836K, capacity 10034K, committed 10112K, reserved 1048576K

Heap Regions: E=young(eden), S=young(survivor), O=old, HS=humongous(starts), HC=humongous(continues), CS=collection set, F=free, OA=open archive, CA=closed archive, TAMS=top-at-mark-start (previous, next)
|   0|0x000000070aa00000, 0x000000070ac00000, 0x000000070ac00000|100%| O|  |TAMS 0x000000070ac00000, 0x000000070aa00000| Untracked 
|   1|0x000000070ac00000, 0x000000070ae00000, 0x000000070ae00000|100%| O|  |TAMS 0x000000070ae00000, 0x000000070ac00000| Untracked 
|   2|0x000000070ae00000, 0x000000070b000000, 0x000000070b000000|100%| O|  |TAMS 0x000000070b000000, 0x000000070ae00000| Untracked 
|   3|0x000000070b000000, 0x000000070b0fa200, 0x000000070b200000| 48%| O|  |TAMS 0x000000070b0fa200, 0x000000070b000000| Untracked 
|   4|0x000000070b200000, 0x000000070b400000, 0x000000070b400000|100%| O|  |TAMS 0x000000070b400000, 0x000000070b200000| Untracked 
|   5|0x000000070b400000, 0x000000070b45fc00, 0x000000070b600000| 18%| O|  |TAMS 0x000000070b45fc00, 0x000000070b400000| Untracked 
|   6|0x000000070b600000, 0x000000070b800000, 0x000000070b800000|100%| O|  |TAMS 0x000000070b800000, 0x000000070b600000| Untracked 
|   7|0x000000070b800000, 0x000000070ba00000, 0x000000070ba00000|100%| O|  |TAMS 0x000000070ba00000, 0x000000070b800000| Untracked 
|   8|0x000000070ba00000, 0x000000070bc00000, 0x000000070bc00000|100%| O|  |TAMS 0x000000070bc00000, 0x000000070ba00000| Untracked 
|   9|0x000000070bc00000, 0x000000070be00000, 0x000000070be00000|100%| O|  |TAMS 0x000000070be00000, 0x000000070bc00000| Untracked 
|  10|0x000000070be00000, 0x000000070c000000, 0x000000070c000000|100%| O|  |TAMS 0x000000070bfa4800, 0x000000070be00000| Untracked 
|  11|0x000000070c000000, 0x000000070c05c600, 0x000000070c200000| 18%| O|  |TAMS 0x000000070c000000, 0x000000070c000000| Untracked 
|  12|0x000000070c200000, 0x000000070c400000, 0x000000070c400000|100%| O|  |TAMS 0x000000070c200000, 0x000000070c200000| Untracked 
|  13|0x000000070c400000, 0x000000070c600000, 0x000000070c600000|100%| O|  |TAMS 0x000000070c400000, 0x000000070c400000| Untracked 
|  14|0x000000070c600000, 0x000000070c800000, 0x000000070c800000|100%| O|  |TAMS 0x000000070c600000, 0x000000070c600000| Untracked 
|  15|0x000000070c800000, 0x000000070ca00000, 0x000000070ca00000|100%| O|  |TAMS 0x000000070c800000, 0x000000070c800000| Untracked 
|  16|0x000000070ca00000, 0x000000070cc00000, 0x000000070cc00000|100%| O|  |TAMS 0x000000070ca00000, 0x000000070ca00000| Untracked 
|  17|0x000000070cc00000, 0x000000070cd22e00, 0x000000070ce00000| 56%| O|  |TAMS 0x000000070cc00000, 0x000000070cc00000| Untracked 
|  18|0x000000070ce00000, 0x000000070ce00000, 0x000000070d000000|  0%| F|  |TAMS 0x000000070ce00000, 0x000000070ce00000| Untracked 
|  19|0x000000070d000000, 0x000000070d000000, 0x000000070d200000|  0%| F|  |TAMS 0x000000070d000000, 0x000000070d000000| Untracked 
|  20|0x000000070d200000, 0x000000070d200000, 0x000000070d400000|  0%| F|  |TAMS 0x000000070d200000, 0x000000070d200000| Untracked 
|  21|0x000000070d400000, 0x000000070d400000, 0x000000070d600000|  0%| F|  |TAMS 0x000000070d400000, 0x000000070d400000| Untracked 
|  22|0x000000070d600000, 0x000000070d600000, 0x000000070d800000|  0%| F|  |TAMS 0x000000070d600000, 0x000000070d600000| Untracked 
|  23|0x000000070d800000, 0x000000070d800000, 0x000000070da00000|  0%| F|  |TAMS 0x000000070d800000, 0x000000070d800000| Untracked 
|  24|0x000000070da00000, 0x000000070da00000, 0x000000070dc00000|  0%| F|  |TAMS 0x000000070da00000, 0x000000070da00000| Untracked 
|  25|0x000000070dc00000, 0x000000070dc00000, 0x000000070de00000|  0%| F|  |TAMS 0x000000070dc00000, 0x000000070dc00000| Untracked 
|  26|0x000000070de00000, 0x000000070de00000, 0x000000070e000000|  0%| F|  |TAMS 0x000000070de00000, 0x000000070de00000| Untracked 
|  27|0x000000070e000000, 0x000000070e000000, 0x000000070e200000|  0%| F|  |TAMS 0x000000070e000000, 0x000000070e000000| Untracked 
|  28|0x000000070e200000, 0x000000070e200000, 0x000000070e400000|  0%| F|  |TAMS 0x000000070e200000, 0x000000070e200000| Untracked 
|  29|0x000000070e400000, 0x000000070e58de60, 0x000000070e600000| 77%| S|CS|TAMS 0x000000070e400000, 0x000000070e400000| Complete 
|  30|0x000000070e600000, 0x000000070e800000, 0x000000070e800000|100%| S|CS|TAMS 0x000000070e600000, 0x000000070e600000| Complete 
|  31|0x000000070e800000, 0x000000070e800000, 0x000000070ea00000|  0%| F|  |TAMS 0x000000070e800000, 0x000000070e800000| Untracked 
|  32|0x000000070ea00000, 0x000000070ea00000, 0x000000070ec00000|  0%| F|  |TAMS 0x000000070ea00000, 0x000000070ea00000| Untracked 
|  33|0x000000070ec00000, 0x000000070ec00000, 0x000000070ee00000|  0%| F|  |TAMS 0x000000070ec00000, 0x000000070ec00000| Untracked 
|  34|0x000000070ee00000, 0x000000070ee00000, 0x000000070f000000|  0%| F|  |TAMS 0x000000070ee00000, 0x000000070ee00000| Untracked 
|  35|0x000000070f000000, 0x000000070f000000, 0x000000070f200000|  0%| F|  |TAMS 0x000000070f000000, 0x000000070f000000| Untracked 
|  36|0x000000070f200000, 0x000000070f200000, 0x000000070f400000|  0%| F|  |TAMS 0x000000070f200000, 0x000000070f200000| Untracked 
|  37|0x000000070f400000, 0x000000070f400000, 0x000000070f600000|  0%| F|  |TAMS 0x000000070f400000, 0x000000070f400000| Untracked 
|  38|0x000000070f600000, 0x000000070f600000, 0x000000070f800000|  0%| F|  |TAMS 0x000000070f600000, 0x000000070f600000| Untracked 
|  39|0x000000070f800000, 0x000000070f800000, 0x000000070fa00000|  0%| F|  |TAMS 0x000000070f800000, 0x000000070f800000| Untracked 
|  40|0x000000070fa00000, 0x000000070fa00000, 0x000000070fc00000|  0%| F|  |TAMS 0x000000070fa00000, 0x000000070fa00000| Untracked 
|  41|0x000000070fc00000, 0x000000070fc00000, 0x000000070fe00000|  0%| F|  |TAMS 0x000000070fc00000, 0x000000070fc00000| Untracked 
|  42|0x000000070fe00000, 0x000000070fe00000, 0x0000000710000000|  0%| F|  |TAMS 0x000000070fe00000, 0x000000070fe00000| Untracked 
|  43|0x0000000710000000, 0x0000000710200000, 0x0000000710200000|100%| E|  |TAMS 0x0000000710000000, 0x0000000710000000| Complete 
|  44|0x0000000710200000, 0x0000000710400000, 0x0000000710400000|100%| E|CS|TAMS 0x0000000710200000, 0x0000000710200000| Complete 
|  45|0x0000000710400000, 0x0000000710600000, 0x0000000710600000|100%| E|CS|TAMS 0x0000000710400000, 0x0000000710400000| Complete 
|  46|0x0000000710600000, 0x0000000710800000, 0x0000000710800000|100%| E|CS|TAMS 0x0000000710600000, 0x0000000710600000| Complete 
|  47|0x0000000710800000, 0x0000000710a00000, 0x0000000710a00000|100%| E|CS|TAMS 0x0000000710800000, 0x0000000710800000| Complete 
|  48|0x0000000710a00000, 0x0000000710c00000, 0x0000000710c00000|100%| E|CS|TAMS 0x0000000710a00000, 0x0000000710a00000| Complete 
|  49|0x0000000710c00000, 0x0000000710e00000, 0x0000000710e00000|100%| E|CS|TAMS 0x0000000710c00000, 0x0000000710c00000| Complete 
|  50|0x0000000710e00000, 0x0000000711000000, 0x0000000711000000|100%| E|CS|TAMS 0x0000000710e00000, 0x0000000710e00000| Complete 
|  51|0x0000000711000000, 0x0000000711200000, 0x0000000711200000|100%| E|CS|TAMS 0x0000000711000000, 0x0000000711000000| Complete 
|  52|0x0000000711200000, 0x0000000711400000, 0x0000000711400000|100%| E|CS|TAMS 0x0000000711200000, 0x0000000711200000| Complete 
|  53|0x0000000711400000, 0x0000000711600000, 0x0000000711600000|100%| E|CS|TAMS 0x0000000711400000, 0x0000000711400000| Complete 
|  54|0x0000000711600000, 0x0000000711800000, 0x0000000711800000|100%| E|CS|TAMS 0x0000000711600000, 0x0000000711600000| Complete 
|  55|0x0000000711800000, 0x0000000711a00000, 0x0000000711a00000|100%| E|CS|TAMS 0x0000000711800000, 0x0000000711800000| Complete 
|  59|0x0000000712000000, 0x0000000712200000, 0x0000000712200000|100%| E|CS|TAMS 0x0000000712000000, 0x0000000712000000| Complete 
|  60|0x0000000712200000, 0x0000000712400000, 0x0000000712400000|100%| E|CS|TAMS 0x0000000712200000, 0x0000000712200000| Complete 
|  61|0x0000000712400000, 0x0000000712600000, 0x0000000712600000|100%| E|CS|TAMS 0x0000000712400000, 0x0000000712400000| Complete 
| 122|0x0000000719e00000, 0x000000071a000000, 0x000000071a000000|100%| E|CS|TAMS 0x0000000719e00000, 0x0000000719e00000| Complete 

Card table byte_map: [0x00007fe64dc5f000,0x00007fe64e40a000] _byte_map_base: 0x00007fe64a40a000

Marking Bits (Prev, Next): (CMBitMap*) 0x00007fe64807d850, (CMBitMap*) 0x00007fe64807d810
 Prev Bits: [0x00007fe62db61000, 0x00007fe6318b9000)
 Next Bits: [0x00007fe6318b9000, 0x00007fe635611000)

Polling page: 0x00007fe650eaa000

Metaspace:

Usage:
  Non-class:     66,16 MB capacity,    65,78 MB (>99%) used,   286,12 KB ( <1%) free+waste,    99,31 KB ( <1%) overhead. 
      Class:      9,80 MB capacity,     9,61 MB ( 98%) used,   160,48 KB (  2%) free+waste,    36,69 KB ( <1%) overhead. 
       Both:     75,96 MB capacity,    75,39 MB (>99%) used,   446,61 KB ( <1%) free+waste,   136,00 KB ( <1%) overhead. 

Virtual space:
  Non-class space:       68,00 MB reserved,      66,42 MB ( 98%) committed 
      Class space:        1,00 GB reserved,       9,88 MB ( <1%) committed 
             Both:        1,07 GB reserved,      76,29 MB (  7%) committed 

Chunk freelists:
   Non-Class:  168,00 KB
       Class:  14,00 KB
        Both:  182,00 KB

MaxMetaspaceSize: 17179869184,00 GB
CompressedClassSpaceSize: 1,00 GB

CodeHeap 'non-profiled nmethods': size=120028Kb used=2874Kb max_used=3059Kb free=117153Kb
 bounds [0x00007fe63d0da000, 0x00007fe63d3da000, 0x00007fe644611000]
CodeHeap 'profiled nmethods': size=120028Kb used=11025Kb max_used=11025Kb free=109002Kb
 bounds [0x00007fe635ba3000, 0x00007fe636673000, 0x00007fe63d0da000]
CodeHeap 'non-nmethods': size=5704Kb used=1401Kb max_used=1505Kb free=4302Kb
 bounds [0x00007fe635611000, 0x00007fe635881000, 0x00007fe635ba3000]
 total_blobs=6792 nmethods=6167 adapters=537
 compilation: enabled
              stopped_count=0, restarted_count=0
 full_count=0

Compilation events (20 events):
Event: 7,663 Thread 0x00007fe5fc0841c0 nmethod 6352 0x00007fe63d29bb90 code [0x00007fe63d29bde0, 0x00007fe63d29ea90]
Event: 7,663 Thread 0x00007fe5fc0841c0 6362       4       java.util.TreeMap::successor (66 bytes)
Event: 7,665 Thread 0x00007fe5fc0841c0 nmethod 6362 0x00007fe63d29b810 code [0x00007fe63d29b980, 0x00007fe63d29ba98]
Event: 7,665 Thread 0x00007fe5fc0841c0 6076       4       java.lang.String::compareTo (63 bytes)
Event: 7,666 Thread 0x00007fe5fc0841c0 nmethod 6076 0x00007fe63d29b310 code [0x00007fe63d29b480, 0x00007fe63d29b6d8]
Event: 7,666 Thread 0x00007fe5fc0841c0 6077       4       java.lang.StringLatin1::compareTo (14 bytes)
Event: 7,669 Thread 0x00007fe5fc0841c0 nmethod 6077 0x00007fe63d29ad90 code [0x00007fe63d29af00, 0x00007fe63d29b1b8]
Event: 7,669 Thread 0x00007fe5fc0841c0 6030       4       jdk.internal.reflect.ReflectionFactory::copyMethod (11 bytes)
Event: 7,673 Thread 0x00007fe5fc0841c0 nmethod 6030 0x00007fe63d29a590 code [0x00007fe63d29a720, 0x00007fe63d29ab88]
Event: 7,673 Thread 0x00007fe5fc0841c0 6361       4       org.springframework.boot.autoconfigure.condition.ConditionEvaluationReport::lambda$addNoMatchOutcomeToAncestors$1 (54 bytes)
Event: 7,678 Thread 0x00007fe5fc0841c0 nmethod 6361 0x00007fe63d299d90 code [0x00007fe63d299f20, 0x00007fe63d29a2f8]
Event: 7,678 Thread 0x00007fe5fc0841c0 6242       4       org.springframework.beans.factory.support.AbstractBeanDefinition::hasBeanClass (8 bytes)
Event: 7,678 Thread 0x00007fe5fc0841c0 nmethod 6242 0x00007fe63d299a90 code [0x00007fe63d299c00, 0x00007fe63d299c78]
Event: 7,678 Thread 0x00007fe5fc0841c0 6243       4       org.springframework.beans.factory.support.DefaultSingletonBeanRegistry::containsSingleton (11 bytes)
Event: 7,695 Thread 0x00007fe5fc0841c0 nmethod 6243 0x00007fe63d298790 code [0x00007fe63d298940, 0x00007fe63d2994c8]
Event: 7,810 Thread 0x00007fe64823fd10 nmethod 6027 0x00007fe63d2ba290 code [0x00007fe63d2bab40, 0x00007fe63d2c8230]
Event: 33,320 Thread 0x00007fe648241540 6975   !   3       jdk.internal.loader.BuiltinClassLoader::findResource (154 bytes)
Event: 33,324 Thread 0x00007fe648241540 nmethod 6975 0x00007fe636665790 code [0x00007fe636665ae0, 0x00007fe636666f40]
Event: 203,326 Thread 0x00007fe64823fd10 6976       4       java.io.File::isInvalid (48 bytes)
Event: 203,343 Thread 0x00007fe64823fd10 nmethod 6976 0x00007fe63d298010 code [0x00007fe63d2981a0, 0x00007fe63d298558]

GC Heap History (20 events):
Event: 3,010 GC heap before
{Heap before GC invocations=12 (full 0):
 garbage-first heap   total 83968K, used 60728K [0x000000070aa00000, 0x0000000800000000)
  region size 2048K, 24 young (49152K), 2 survivors (4096K)
 Metaspace       used 40123K, capacity 40555K, committed 40960K, reserved 1085440K
  class space    used 4655K, capacity 4804K, committed 4864K, reserved 1048576K
}
Event: 3,013 GC heap after
{Heap after GC invocations=13 (full 0):
 garbage-first heap   total 83968K, used 16986K [0x000000070aa00000, 0x0000000800000000)
  region size 2048K, 3 young (6144K), 3 survivors (6144K)
 Metaspace       used 40123K, capacity 40555K, committed 40960K, reserved 1085440K
  class space    used 4655K, capacity 4804K, committed 4864K, reserved 1048576K
}
Event: 3,474 GC heap before
{Heap before GC invocations=13 (full 0):
 garbage-first heap   total 83968K, used 59994K [0x000000070aa00000, 0x0000000800000000)
  region size 2048K, 24 young (49152K), 3 survivors (6144K)
 Metaspace       used 43699K, capacity 44193K, committed 44416K, reserved 1089536K
  class space    used 5067K, capacity 5217K, committed 5248K, reserved 1048576K
}
Event: 3,481 GC heap after
{Heap after GC invocations=14 (full 0):
 garbage-first heap   total 83968K, used 19566K [0x000000070aa00000, 0x0000000800000000)
  region size 2048K, 3 young (6144K), 3 survivors (6144K)
 Metaspace       used 43699K, capacity 44193K, committed 44416K, reserved 1089536K
  class space    used 5067K, capacity 5217K, committed 5248K, reserved 1048576K
}
Event: 3,739 GC heap before
{Heap before GC invocations=14 (full 0):
 garbage-first heap   total 83968K, used 62574K [0x000000070aa00000, 0x0000000800000000)
  region size 2048K, 24 young (49152K), 3 survivors (6144K)
 Metaspace       used 47928K, capacity 48298K, committed 48512K, reserved 1091584K
  class space    used 5850K, capacity 5987K, committed 6016K, reserved 1048576K
}
Event: 3,744 GC heap after
{Heap after GC invocations=15 (full 0):
 garbage-first heap   total 83968K, used 20339K [0x000000070aa00000, 0x0000000800000000)
  region size 2048K, 2 young (4096K), 2 survivors (4096K)
 Metaspace       used 47928K, capacity 48298K, committed 48512K, reserved 1091584K
  class space    used 5850K, capacity 5987K, committed 6016K, reserved 1048576K
}
Event: 4,062 GC heap before
{Heap before GC invocations=15 (full 0):
 garbage-first heap   total 83968K, used 61299K [0x000000070aa00000, 0x0000000800000000)
  region size 2048K, 23 young (47104K), 2 survivors (4096K)
 Metaspace       used 52585K, capacity 52997K, committed 53120K, reserved 1095680K
  class space    used 6378K, capacity 6507K, committed 6528K, reserved 1048576K
}
Event: 4,067 GC heap after
{Heap after GC invocations=16 (full 0):
 garbage-first heap   total 102400K, used 22780K [0x000000070aa00000, 0x0000000800000000)
  region size 2048K, 2 young (4096K), 2 survivors (4096K)
 Metaspace       used 52585K, capacity 52997K, committed 53120K, reserved 1095680K
  class space    used 6378K, capacity 6507K, committed 6528K, reserved 1048576K
}
Event: 4,465 GC heap before
{Heap before GC invocations=16 (full 0):
 garbage-first heap   total 102400K, used 80124K [0x000000070aa00000, 0x0000000800000000)
  region size 2048K, 30 young (61440K), 2 survivors (4096K)
 Metaspace       used 58015K, capacity 58362K, committed 58624K, reserved 1099776K
  class space    used 7193K, capacity 7312K, committed 7424K, reserved 1048576K
}
Event: 4,470 GC heap after
{Heap after GC invocations=17 (full 0):
 garbage-first heap   total 102400K, used 23983K [0x000000070aa00000, 0x0000000800000000)
  region size 2048K, 3 young (6144K), 3 survivors (6144K)
 Metaspace       used 58015K, capacity 58362K, committed 58624K, reserved 1099776K
  class space    used 7193K, capacity 7312K, committed 7424K, reserved 1048576K
}
Event: 4,614 GC heap before
{Heap before GC invocations=17 (full 0):
 garbage-first heap   total 102400K, used 40367K [0x000000070aa00000, 0x0000000800000000)
  region size 2048K, 12 young (24576K), 3 survivors (6144K)
 Metaspace       used 59555K, capacity 59908K, committed 59948K, reserved 1101824K
  class space    used 7407K, capacity 7544K, committed 7552K, reserved 1048576K
}
Event: 4,620 GC heap after
{Heap after GC invocations=18 (full 0):
 garbage-first heap   total 102400K, used 24105K [0x000000070aa00000, 0x0000000800000000)
  region size 2048K, 2 young (4096K), 2 survivors (4096K)
 Metaspace       used 59555K, capacity 59908K, committed 59948K, reserved 1101824K
  class space    used 7407K, capacity 7544K, committed 7552K, reserved 1048576K
}
Event: 5,163 GC heap before
{Heap before GC invocations=19 (full 0):
 garbage-first heap   total 102400K, used 81449K [0x000000070aa00000, 0x0000000800000000)
  region size 2048K, 30 young (61440K), 2 survivors (4096K)
 Metaspace       used 64391K, capacity 64843K, committed 64940K, reserved 1105920K
  class space    used 8012K, capacity 8161K, committed 8192K, reserved 1048576K
}
Event: 5,169 GC heap after
{Heap after GC invocations=20 (full 0):
 garbage-first heap   total 102400K, used 26327K [0x000000070aa00000, 0x0000000800000000)
  region size 2048K, 3 young (6144K), 3 survivors (6144K)
 Metaspace       used 64391K, capacity 64843K, committed 64940K, reserved 1105920K
  class space    used 8012K, capacity 8161K, committed 8192K, reserved 1048576K
}
Event: 5,792 GC heap before
{Heap before GC invocations=20 (full 0):
 garbage-first heap   total 102400K, used 81623K [0x000000070aa00000, 0x0000000800000000)
  region size 2048K, 30 young (61440K), 3 survivors (6144K)
 Metaspace       used 67734K, capacity 68209K, committed 68524K, reserved 1110016K
  class space    used 8435K, capacity 8597K, committed 8704K, reserved 1048576K
}
Event: 5,802 GC heap after
{Heap after GC invocations=21 (full 0):
 garbage-first heap   total 122880K, used 29470K [0x000000070aa00000, 0x0000000800000000)
  region size 2048K, 4 young (8192K), 4 survivors (8192K)
 Metaspace       used 67734K, capacity 68209K, committed 68524K, reserved 1110016K
  class space    used 8435K, capacity 8597K, committed 8704K, reserved 1048576K
}
Event: 6,520 GC heap before
{Heap before GC invocations=21 (full 0):
 garbage-first heap   total 122880K, used 95006K [0x000000070aa00000, 0x0000000800000000)
  region size 2048K, 36 young (73728K), 4 survivors (8192K)
 Metaspace       used 70762K, capacity 71239K, committed 71468K, reserved 1112064K
  class space    used 8908K, capacity 9065K, committed 9088K, reserved 1048576K
}
Event: 6,531 GC heap after
{Heap after GC invocations=22 (full 0):
 garbage-first heap   total 122880K, used 35136K [0x000000070aa00000, 0x0000000800000000)
  region size 2048K, 5 young (10240K), 5 survivors (10240K)
 Metaspace       used 70762K, capacity 71239K, committed 71468K, reserved 1112064K
  class space    used 8908K, capacity 9065K, committed 9088K, reserved 1048576K
}
Event: 7,204 GC heap before
{Heap before GC invocations=22 (full 0):
 garbage-first heap   total 122880K, used 94528K [0x000000070aa00000, 0x0000000800000000)
  region size 2048K, 34 young (69632K), 5 survivors (10240K)
 Metaspace       used 74951K, capacity 75481K, committed 75948K, reserved 1116160K
  class space    used 9477K, capacity 9661K, committed 9728K, reserved 1048576K
}
Event: 7,213 GC heap after
{Heap after GC invocations=23 (full 0):
 garbage-first heap   total 122880K, used 35228K [0x000000070aa00000, 0x0000000800000000)
  region size 2048K, 2 young (4096K), 2 survivors (4096K)
 Metaspace       used 74951K, capacity 75481K, committed 75948K, reserved 1116160K
  class space    used 9477K, capacity 9661K, committed 9728K, reserved 1048576K
}

Deoptimization events (20 events):
Event: 7,475 Thread 0x00007fe64802de30 DEOPT PACKING pc=0x00007fe6366262b4 sp=0x00007fe64f751c80
Event: 7,475 Thread 0x00007fe64802de30 DEOPT UNPACKING pc=0x00007fe63565ef2b sp=0x00007fe64f7511d8 mode 1
Event: 7,486 Thread 0x00007fe64802de30 DEOPT PACKING pc=0x00007fe635d2ef04 sp=0x00007fe64f752250
Event: 7,486 Thread 0x00007fe64802de30 DEOPT UNPACKING pc=0x00007fe63565ef2b sp=0x00007fe64f751708 mode 1
Event: 7,486 Thread 0x00007fe64802de30 DEOPT PACKING pc=0x00007fe635d24fbc sp=0x00007fe64f752320
Event: 7,486 Thread 0x00007fe64802de30 DEOPT UNPACKING pc=0x00007fe63565ef2b sp=0x00007fe64f7517f8 mode 1
Event: 7,486 Thread 0x00007fe64802de30 DEOPT PACKING pc=0x00007fe635e197b4 sp=0x00007fe64f752ac0
Event: 7,486 Thread 0x00007fe64802de30 DEOPT UNPACKING pc=0x00007fe63565ef2b sp=0x00007fe64f751fb8 mode 1
Event: 7,486 Thread 0x00007fe64802de30 DEOPT PACKING pc=0x00007fe63612971c sp=0x00007fe64f752b60
Event: 7,486 Thread 0x00007fe64802de30 DEOPT UNPACKING pc=0x00007fe63565ef2b sp=0x00007fe64f7520e8 mode 1
Event: 7,486 Thread 0x00007fe64802de30 DEOPT PACKING pc=0x00007fe635d2ef04 sp=0x00007fe64f7522d0
Event: 7,486 Thread 0x00007fe64802de30 DEOPT UNPACKING pc=0x00007fe63565ef2b sp=0x00007fe64f751788 mode 1
Event: 7,486 Thread 0x00007fe64802de30 DEOPT PACKING pc=0x00007fe635d24fbc sp=0x00007fe64f7523a0
Event: 7,486 Thread 0x00007fe64802de30 DEOPT UNPACKING pc=0x00007fe63565ef2b sp=0x00007fe64f751878 mode 1
Event: 7,486 Thread 0x00007fe64802de30 DEOPT PACKING pc=0x00007fe635e197b4 sp=0x00007fe64f752b40
Event: 7,486 Thread 0x00007fe64802de30 DEOPT UNPACKING pc=0x00007fe63565ef2b sp=0x00007fe64f752050 mode 1
Event: 351,097 Thread 0x00007fe6483610d0 Uncommon trap: trap_request=0xffffff45 fr.pc=0x00007fe63d305588 relative=0x00000000000003e8
Event: 351,097 Thread 0x00007fe6483610d0 Uncommon trap: reason=unstable_if action=reinterpret pc=0x00007fe63d305588 method=sun.instrument.InstrumentationImpl.transform(Ljava/lang/Module;Ljava/lang/ClassLoader;Ljava/lang/String;Ljava/lang/Class;Ljava/security/ProtectionDomain;[BZ)[B @ 24 c2
Event: 351,097 Thread 0x00007fe6483610d0 DEOPT PACKING pc=0x00007fe63d305588 sp=0x00007fe62cd57a50
Event: 351,097 Thread 0x00007fe6483610d0 DEOPT UNPACKING pc=0x00007fe63565f125 sp=0x00007fe62cd57ac8 mode 2

Classes unloaded (0 events):
No events

Classes redefined (6 events):
Event: 351,107 Thread 0x00007fe6482023a0 redefined class name=com.desafio.d20210318.entidad.Indicador, count=1
Event: 353,279 Thread 0x00007fe6482023a0 redefined class name=com.desafio.d20210318.entidad.Feriado, count=1
Event: 355,564 Thread 0x00007fe6482023a0 redefined class name=com.desafio.Desafio20210318ApplicationTests, count=1
Event: 368,755 Thread 0x00007fe6482023a0 redefined class name=com.desafio.d20210318.servicio.DesafioServiceImpl, count=1
Event: 475,483 Thread 0x00007fe6482023a0 redefined class name=com.desafio.d20210318.servicio.DesafioServiceImpl, count=2
Event: 517,216 Thread 0x00007fe6482023a0 redefined class name=com.desafio.Desafio20210318ApplicationTests, count=2

Internal exceptions (20 events):
Event: 6,897 Thread 0x00007fe64802de30 Exception <a 'java/lang/ClassNotFoundException'{0x00000007101f9f48}: java/lang/ObjectCustomizer> (0x00000007101f9f48) 
thrown [open/src/hotspot/share/classfile/systemDictionary.cpp, line 295]
Event: 6,897 Thread 0x00007fe64802de30 Exception <a 'java/lang/ClassNotFoundException'{0x000000070fe04d60}: org/springframework/boot/actuate/autoconfigure/endpoint/web/ServletEndpointManagementContextConfiguration$WebMvcServletEndpointManagementContextConfigurationCustomizer> (0x000000070fe04d60) 
thrown [open/src/hotspot/share/classfile/systemDictionary.cpp, line 295]
Event: 6,898 Thread 0x00007fe64802de30 Exception <a 'java/lang/ClassNotFoundException'{0x000000070fe0ecb8}: java/lang/ObjectCustomizer> (0x000000070fe0ecb8) 
thrown [open/src/hotspot/share/classfile/systemDictionary.cpp, line 295]
Event: 6,899 Thread 0x00007fe64802de30 Exception <a 'java/lang/ClassNotFoundException'{0x000000070fe18540}: org/springframework/boot/actuate/endpoint/web/ServletEndpointRegistrarCustomizer> (0x000000070fe18540) 
thrown [open/src/hotspot/share/classfile/systemDictionary.cpp, line 295]
Event: 6,899 Thread 0x00007fe64802de30 Exception <a 'java/lang/ClassNotFoundException'{0x000000070fe20ad8}: org/springframework/boot/web/servlet/ServletContextInitializerCustomizer> (0x000000070fe20ad8) 
thrown [open/src/hotspot/share/classfile/systemDictionary.cpp, line 295]
Event: 6,900 Thread 0x00007fe64802de30 Exception <a 'java/lang/ClassNotFoundException'{0x000000070fe27fe0}: java/lang/ObjectCustomizer> (0x000000070fe27fe0) 
thrown [open/src/hotspot/share/classfile/systemDictionary.cpp, line 295]
Event: 6,900 Thread 0x00007fe64802de30 Exception <a 'java/lang/ClassNotFoundException'{0x000000070fe32b48}: org/springframework/boot/actuate/autoconfigure/web/server/ManagementContextAutoConfiguration$SameManagementContextConfiguration$EnableSameManagementContextConfigurationCustomizer> (0x000000070fe32b48) 
thrown [open/src/hotspot/share/classfile/systemDictionary.cpp, line 295]
Event: 6,901 Thread 0x00007fe64802de30 Exception <a 'java/lang/ClassNotFoundException'{0x000000070fe3a888}: java/lang/ObjectCustomizer> (0x000000070fe3a888) 
thrown [open/src/hotspot/share/classfile/systemDictionary.cpp, line 295]
Event: 6,901 Thread 0x00007fe64802de30 Exception <a 'java/lang/ClassNotFoundException'{0x000000070fe44c70}: org/springframework/boot/actuate/autoconfigure/web/server/ManagementContextAutoConfiguration$SameManagementContextConfigurationCustomizer> (0x000000070fe44c70) 
thrown [open/src/hotspot/share/classfile/systemDictionary.cpp, line 295]
Event: 6,901 Thread 0x00007fe64802de30 Exception <a 'java/lang/ClassNotFoundException'{0x000000070fe4d258}: org/springframework/beans/factory/SmartInitializingSingletonCustomizer> (0x000000070fe4d258) 
thrown [open/src/hotspot/share/classfile/systemDictionary.cpp, line 295]
Event: 6,902 Thread 0x00007fe64802de30 Exception <a 'java/lang/ClassNotFoundException'{0x000000070fe538f8}: java/lang/ObjectCustomizer> (0x000000070fe538f8) 
thrown [open/src/hotspot/share/classfile/systemDictionary.cpp, line 295]
Event: 6,902 Thread 0x00007fe64802de30 Exception <a 'java/lang/ClassNotFoundException'{0x000000070fe5d600}: org/springframework/boot/actuate/autoconfigure/web/server/ManagementContextAutoConfigurationCustomizer> (0x000000070fe5d600) 
thrown [open/src/hotspot/share/classfile/systemDictionary.cpp, line 295]
Event: 6,903 Thread 0x00007fe64802de30 Exception <a 'java/lang/ClassNotFoundException'{0x000000070fe652a0}: java/lang/ObjectCustomizer> (0x000000070fe652a0) 
thrown [open/src/hotspot/share/classfile/systemDictionary.cpp, line 295]
Event: 6,903 Thread 0x00007fe64802de30 Exception <a 'java/lang/ClassNotFoundException'{0x000000070fe6ee28}: org/springframework/boot/actuate/autoconfigure/web/server/ManagementServerPropertiesCustomizer> (0x000000070fe6ee28) 
thrown [open/src/hotspot/share/classfile/systemDictionary.cpp, line 295]
Event: 7,157 Thread 0x00007fe64802de30 Exception <a 'java/lang/IncompatibleClassChangeError'{0x000000070eb75770}: Found class java.lang.Object, but interface was expected> (0x000000070eb75770) 
thrown [open/src/hotspot/share/interpreter/linkResolver.cpp, line 848]
Event: 7,474 Thread 0x00007fe64802de30 Exception <a 'java/lang/ClassNotFoundException'{0x00000007106398f8}: java/lang/ObjectCustomizer> (0x00000007106398f8) 
thrown [open/src/hotspot/share/classfile/systemDictionary.cpp, line 295]
Event: 7,475 Thread 0x00007fe64802de30 Exception <a 'java/lang/ClassNotFoundException'{0x0000000710642398}: com/desafio/Desafio20210318ApplicationTestsCustomizer> (0x0000000710642398) 
thrown [open/src/hotspot/share/classfile/systemDictionary.cpp, line 295]
Event: 7,482 Thread 0x00007fe64802de30 Exception <a 'java/lang/NoSuchMethodError'{0x00000007106a2410}: 'java.lang.Object java.lang.invoke.DirectMethodHandle$Holder.newInvokeSpecial(java.lang.Object, java.lang.Object, java.lang.Object, java.lang.Object, int)'> (0x00000007106a2410) 
thrown [open/src/hotspot/share/interpreter/linkResolver.cpp, line 781]
Event: 7,482 Thread 0x00007fe64802de30 Exception <a 'java/lang/NoSuchMethodError'{0x00000007106a6a10}: 'java.lang.Object java.lang.invoke.DirectMethodHandle$Holder.invokeSpecial(java.lang.Object, java.lang.Object, java.lang.Object, java.lang.Object, java.lang.Object, int)'> (0x00000007106a6a10) 
thrown [open/src/hotspot/share/interpreter/linkResolver.cpp, line 781]
Event: 7,482 Thread 0x00007fe64802de30 Exception <a 'java/lang/NoSuchMethodError'{0x00000007106aa9a0}: 'java.lang.Object java.lang.invoke.Invokers$Holder.linkToTargetMethod(java.lang.Object, java.lang.Object, java.lang.Object, int, java.lang.Object)'> (0x00000007106aa9a0) 
thrown [open/src/hotspot/share/interpreter/linkResolver.cpp, line 781]

Events (20 events):
Event: 517,244 Executing VM operation: ChangeBreakpoints
Event: 517,247 Executing VM operation: ChangeBreakpoints done
Event: 517,259 Executing VM operation: ChangeBreakpoints
Event: 517,262 Executing VM operation: ChangeBreakpoints done
Event: 517,263 Executing VM operation: GetFrameCount
Event: 517,263 Executing VM operation: GetFrameCount done
Event: 517,263 Executing VM operation: GetStackTrace
Event: 517,263 Executing VM operation: GetStackTrace done
Event: 517,263 Executing VM operation: GetFrameCount
Event: 517,264 Executing VM operation: GetFrameCount done
Event: 517,264 Executing VM operation: SetFramePop
Event: 517,264 Executing VM operation: SetFramePop done
Event: 517,264 Executing VM operation: GetFrameLocation
Event: 517,264 Executing VM operation: GetFrameLocation done
Event: 517,264 Executing VM operation: GetCurrentLocation
Event: 517,264 Executing VM operation: GetCurrentLocation done
Event: 517,264 Executing VM operation: ChangeSingleStep
Event: 517,264 Executing VM operation: ChangeSingleStep done
Event: 517,264 Executing VM operation: GetFrameLocation
Event: 517,264 Executing VM operation: GetFrameLocation done


Dynamic libraries:
70aa00000-711a00000 rw-p 00000000 00:00 0 
711a00000-712000000 ---p 00000000 00:00 0 
712000000-712600000 rw-p 00000000 00:00 0 
712600000-719e00000 ---p 00000000 00:00 0 
719e00000-71a000000 rw-p 00000000 00:00 0 
71a000000-800000000 ---p 00000000 00:00 0 
800000000-8009e0000 rw-p 00000000 00:00 0 
8009e0000-840000000 ---p 00000000 00:00 0 
5593ea125000-5593ea126000 r-xp 00000000 08:03 29105180                   /home/jcornejo/IDES/RAGNAX-STS/plugins/org.eclipse.justj.openjdk.hotspot.jre.full.linux.x86_64_15.0.0.v20201014-1246/jre/bin/java
5593ea127000-5593ea128000 r--p 00001000 08:03 29105180                   /home/jcornejo/IDES/RAGNAX-STS/plugins/org.eclipse.justj.openjdk.hotspot.jre.full.linux.x86_64_15.0.0.v20201014-1246/jre/bin/java
5593ea128000-5593ea129000 rw-p 00002000 08:03 29105180                   /home/jcornejo/IDES/RAGNAX-STS/plugins/org.eclipse.justj.openjdk.hotspot.jre.full.linux.x86_64_15.0.0.v20201014-1246/jre/bin/java
5593eacd2000-5593eacf3000 rw-p 00000000 00:00 0                          [heap]
7fe5a4000000-7fe5a4021000 rw-p 00000000 00:00 0 
7fe5a4021000-7fe5a8000000 ---p 00000000 00:00 0 
7fe5ac000000-7fe5ac021000 rw-p 00000000 00:00 0 
7fe5ac021000-7fe5b0000000 ---p 00000000 00:00 0 
7fe5b0000000-7fe5b0021000 rw-p 00000000 00:00 0 
7fe5b0021000-7fe5b4000000 ---p 00000000 00:00 0 
7fe5b5db8000-7fe5b5e38000 rw-p 00000000 00:00 0 
7fe5b5e38000-7fe5b5fb8000 ---p 00000000 00:00 0 
7fe5b5fb8000-7fe5b61b8000 rw-p 00000000 00:00 0 
7fe5b61b8000-7fe5b63b8000 rw-p 00000000 00:00 0 
7fe5b63b8000-7fe5b65b8000 rw-p 00000000 00:00 0 
7fe5b65b8000-7fe5b67b8000 rw-p 00000000 00:00 0 
7fe5b67b8000-7fe5b69b8000 rw-p 00000000 00:00 0 
7fe5b69b8000-7fe5b6ba3000 rw-p 00000000 00:00 0 
7fe5b6ba3000-7fe5b6bb8000 ---p 00000000 00:00 0 
7fe5b6c00000-7fe5b6e00000 rw-p 00000000 00:00 0 
7fe5b6e00000-7fe5b7000000 rw-p 00000000 00:00 0 
7fe5b7000000-7fe5b7200000 rw-p 00000000 00:00 0 
7fe5b7200000-7fe5b7400000 rw-p 00000000 00:00 0 
7fe5b7400000-7fe5b7600000 rw-p 00000000 00:00 0 
7fe5b7600000-7fe5b7800000 rw-p 00000000 00:00 0 
7fe5b7800000-7fe5b7a00000 rw-p 00000000 00:00 0 
7fe5b7a00000-7fe5b7c00000 rw-p 00000000 00:00 0 
7fe5b7c00000-7fe5b7e00000 rw-p 00000000 00:00 0 
7fe5b7e00000-7fe5b8000000 rw-p 00000000 00:00 0 
7fe5b8000000-7fe5b8021000 rw-p 00000000 00:00 0 
7fe5b8021000-7fe5bc000000 ---p 00000000 00:00 0 
7fe5bc000000-7fe5bc8e2000 rw-p 00000000 00:00 0 
7fe5bc8e2000-7fe5c0000000 ---p 00000000 00:00 0 
7fe5c0000000-7fe5c0021000 rw-p 00000000 00:00 0 
7fe5c0021000-7fe5c4000000 ---p 00000000 00:00 0 
7fe5c4000000-7fe5c4035000 rw-p 00000000 00:00 0 
7fe5c4035000-7fe5c8000000 ---p 00000000 00:00 0 
7fe5c8000000-7fe5c8021000 rw-p 00000000 00:00 0 
7fe5c8021000-7fe5cc000000 ---p 00000000 00:00 0 
7fe5cc000000-7fe5cc021000 rw-p 00000000 00:00 0 
7fe5cc021000-7fe5d0000000 ---p 00000000 00:00 0 
7fe5d0000000-7fe5d0021000 rw-p 00000000 00:00 0 
7fe5d0021000-7fe5d4000000 ---p 00000000 00:00 0 
7fe5d4000000-7fe5d4021000 rw-p 00000000 00:00 0 
7fe5d4021000-7fe5d8000000 ---p 00000000 00:00 0 
7fe5d8000000-7fe5da92d000 rw-p 00000000 00:00 0 
7fe5da92d000-7fe5dc000000 ---p 00000000 00:00 0 
7fe5dc000000-7fe5dc026000 rw-p 00000000 00:00 0 
7fe5dc026000-7fe5e0000000 ---p 00000000 00:00 0 
7fe5e0000000-7fe5e0021000 rw-p 00000000 00:00 0 
7fe5e0021000-7fe5e4000000 ---p 00000000 00:00 0 
7fe5e4000000-7fe5e4091000 rw-p 00000000 00:00 0 
7fe5e4091000-7fe5e8000000 ---p 00000000 00:00 0 
7fe5e8000000-7fe5e8637000 rw-p 00000000 00:00 0 
7fe5e8637000-7fe5ec000000 ---p 00000000 00:00 0 
7fe5ec000000-7fe5ec021000 rw-p 00000000 00:00 0 
7fe5ec021000-7fe5f0000000 ---p 00000000 00:00 0 
7fe5f0000000-7fe5f0021000 rw-p 00000000 00:00 0 
7fe5f0021000-7fe5f4000000 ---p 00000000 00:00 0 
7fe5f4000000-7fe5f4021000 rw-p 00000000 00:00 0 
7fe5f4021000-7fe5f8000000 ---p 00000000 00:00 0 
7fe5f8000000-7fe5fa86a000 rw-p 00000000 00:00 0 
7fe5fa86a000-7fe5fc000000 ---p 00000000 00:00 0 
7fe5fc000000-7fe5fd13b000 rw-p 00000000 00:00 0 
7fe5fd13b000-7fe600000000 ---p 00000000 00:00 0 
7fe600000000-7fe600021000 rw-p 00000000 00:00 0 
7fe600021000-7fe604000000 ---p 00000000 00:00 0 
7fe604000000-7fe604021000 rw-p 00000000 00:00 0 
7fe604021000-7fe608000000 ---p 00000000 00:00 0 
7fe608000000-7fe608021000 rw-p 00000000 00:00 0 
7fe608021000-7fe60c000000 ---p 00000000 00:00 0 
7fe60c000000-7fe60c021000 rw-p 00000000 00:00 0 
7fe60c021000-7fe610000000 ---p 00000000 00:00 0 
7fe610000000-7fe610021000 rw-p 00000000 00:00 0 
7fe610021000-7fe614000000 ---p 00000000 00:00 0 
7fe614000000-7fe614096000 rw-p 00000000 00:00 0 
7fe614096000-7fe618000000 ---p 00000000 00:00 0 
7fe618000000-7fe618021000 rw-p 00000000 00:00 0 
7fe618021000-7fe61c000000 ---p 00000000 00:00 0 
7fe61c0df000-7fe61c0e3000 ---p 00000000 00:00 0 
7fe61c0e3000-7fe61c3e0000 rw-p 00000000 00:00 0 
7fe61c3e0000-7fe61c5e0000 rw-p 00000000 00:00 0 
7fe61c5e0000-7fe61c7e0000 rw-p 00000000 00:00 0 
7fe61c7e0000-7fe61c9e0000 rw-p 00000000 00:00 0 
7fe61c9e0000-7fe61cbe0000 rw-p 00000000 00:00 0 
7fe61cbe2000-7fe61cbe3000 ---p 00000000 00:00 0 
7fe61cbe3000-7fe61cce4000 rw-p 00000000 00:00 0 
7fe61ccf3000-7fe61ccf7000 ---p 00000000 00:00 0 
7fe61ccf7000-7fe61cff4000 rw-p 00000000 00:00 0 
7fe61cff4000-7fe61d1f4000 rw-p 00000000 00:00 0 
7fe61d1f5000-7fe61d1f9000 ---p 00000000 00:00 0 
7fe61d1f9000-7fe61d2f6000 rw-p 00000000 00:00 0 
7fe61d2f6000-7fe61d2f7000 ---p 00000000 00:00 0 
7fe61d2f7000-7fe61d5f8000 rw-p 00000000 00:00 0 
7fe61d5f8000-7fe61d7f8000 rw-p 00000000 00:00 0 
7fe61d7f8000-7fe61d9f8000 rw-p 00000000 00:00 0 
7fe61d9f8000-7fe61dbf8000 rw-p 00000000 00:00 0 
7fe61dbf8000-7fe61dbf9000 ---p 00000000 00:00 0 
7fe61dbf9000-7fe61dcfa000 rw-p 00000000 00:00 0 
7fe61dcfa000-7fe61dcfb000 ---p 00000000 00:00 0 
7fe61dcfb000-7fe61ddfc000 rw-p 00000000 00:00 0 
7fe61ddfc000-7fe61ddfd000 ---p 00000000 00:00 0 
7fe61ddfd000-7fe61defe000 rw-p 00000000 00:00 0 
7fe61defe000-7fe61deff000 ---p 00000000 00:00 0 
7fe61deff000-7fe620000000 rw-p 00000000 00:00 0 
7fe620000000-7fe620021000 rw-p 00000000 00:00 0 
7fe620021000-7fe624000000 ---p 00000000 00:00 0 
7fe624000000-7fe624021000 rw-p 00000000 00:00 0 
7fe624021000-7fe628000000 ---p 00000000 00:00 0 
7fe628000000-7fe62803d000 rw-p 00000000 00:00 0 
7fe62803d000-7fe62c000000 ---p 00000000 00:00 0 
7fe62c03b000-7fe62c03f000 ---p 00000000 00:00 0 
7fe62c03f000-7fe62c33c000 rw-p 00000000 00:00 0 
7fe62c3f2000-7fe62c415000 r--p 00000000 08:02 24647941                   /usr/share/locale/es/LC_MESSAGES/libc.mo
7fe62c415000-7fe62c422000 r-xp 00000000 08:03 29233409                   /home/jcornejo/IDES/RAGNAX-STS/plugins/org.eclipse.justj.openjdk.hotspot.jre.full.linux.x86_64_15.0.0.v20201014-1246/jre/lib/libverify.so
7fe62c422000-7fe62c424000 r--p 0000c000 08:03 29233409                   /home/jcornejo/IDES/RAGNAX-STS/plugins/org.eclipse.justj.openjdk.hotspot.jre.full.linux.x86_64_15.0.0.v20201014-1246/jre/lib/libverify.so
7fe62c424000-7fe62c425000 rw-p 0000e000 08:03 29233409                   /home/jcornejo/IDES/RAGNAX-STS/plugins/org.eclipse.justj.openjdk.hotspot.jre.full.linux.x86_64_15.0.0.v20201014-1246/jre/lib/libverify.so
7fe62c425000-7fe62c426000 ---p 00000000 00:00 0 
7fe62c426000-7fe62c527000 rw-p 00000000 00:00 0 
7fe62c527000-7fe62c52b000 ---p 00000000 00:00 0 
7fe62c52b000-7fe62c828000 rw-p 00000000 00:00 0 
7fe62c82a000-7fe62c82e000 ---p 00000000 00:00 0 
7fe62c82e000-7fe62c92b000 rw-p 00000000 00:00 0 
7fe62c92b000-7fe62c940000 r-xp 00000000 08:03 29233436                   /home/jcornejo/IDES/RAGNAX-STS/plugins/org.eclipse.justj.openjdk.hotspot.jre.full.linux.x86_64_15.0.0.v20201014-1246/jre/lib/libnet.so
7fe62c940000-7fe62c941000 r--p 00014000 08:03 29233436                   /home/jcornejo/IDES/RAGNAX-STS/plugins/org.eclipse.justj.openjdk.hotspot.jre.full.linux.x86_64_15.0.0.v20201014-1246/jre/lib/libnet.so
7fe62c941000-7fe62c942000 rw-p 00015000 08:03 29233436                   /home/jcornejo/IDES/RAGNAX-STS/plugins/org.eclipse.justj.openjdk.hotspot.jre.full.linux.x86_64_15.0.0.v20201014-1246/jre/lib/libnet.so
7fe62c942000-7fe62c954000 r-xp 00000000 08:03 29233445                   /home/jcornejo/IDES/RAGNAX-STS/plugins/org.eclipse.justj.openjdk.hotspot.jre.full.linux.x86_64_15.0.0.v20201014-1246/jre/lib/libnio.so
7fe62c954000-7fe62c955000 r--p 00011000 08:03 29233445                   /home/jcornejo/IDES/RAGNAX-STS/plugins/org.eclipse.justj.openjdk.hotspot.jre.full.linux.x86_64_15.0.0.v20201014-1246/jre/lib/libnio.so
7fe62c955000-7fe62c956000 rw-p 00012000 08:03 29233445                   /home/jcornejo/IDES/RAGNAX-STS/plugins/org.eclipse.justj.openjdk.hotspot.jre.full.linux.x86_64_15.0.0.v20201014-1246/jre/lib/libnio.so
7fe62c956000-7fe62c95a000 ---p 00000000 00:00 0 
7fe62c95a000-7fe62ca57000 rw-p 00000000 00:00 0 
7fe62ca57000-7fe62ca5b000 ---p 00000000 00:00 0 
7fe62ca5b000-7fe62cb58000 rw-p 00000000 00:00 0 
7fe62cb58000-7fe62cb5c000 ---p 00000000 00:00 0 
7fe62cb5c000-7fe62cc59000 rw-p 00000000 00:00 0 
7fe62cc59000-7fe62cc5d000 ---p 00000000 00:00 0 
7fe62cc5d000-7fe62cd5a000 rw-p 00000000 00:00 0 
7fe62cd5a000-7fe62cd5e000 ---p 00000000 00:00 0 
7fe62cd5e000-7fe62ce5b000 rw-p 00000000 00:00 0 
7fe62ce5b000-7fe62ce5f000 ---p 00000000 00:00 0 
7fe62ce5f000-7fe62cf5c000 rw-p 00000000 00:00 0 
7fe62cf5c000-7fe62cf60000 ---p 00000000 00:00 0 
7fe62cf60000-7fe62d05d000 rw-p 00000000 00:00 0 
7fe62d05d000-7fe62d061000 ---p 00000000 00:00 0 
7fe62d061000-7fe62d15e000 rw-p 00000000 00:00 0 
7fe62d15e000-7fe62d162000 ---p 00000000 00:00 0 
7fe62d162000-7fe62d25f000 rw-p 00000000 00:00 0 
7fe62d25f000-7fe62d263000 ---p 00000000 00:00 0 
7fe62d263000-7fe62db60000 rw-p 00000000 00:00 0 
7fe62db61000-7fe62dd21000 rw-p 00000000 00:00 0 
7fe62dd21000-7fe62dd39000 ---p 00000000 00:00 0 
7fe62dd39000-7fe62dd51000 rw-p 00000000 00:00 0 
7fe62dd51000-7fe62df31000 ---p 00000000 00:00 0 
7fe62df31000-7fe62df39000 rw-p 00000000 00:00 0 
7fe62df39000-7fe6318b9000 ---p 00000000 00:00 0 
7fe6318b9000-7fe631a79000 rw-p 00000000 00:00 0 
7fe631a79000-7fe631a91000 ---p 00000000 00:00 0 
7fe631a91000-7fe631aa9000 rw-p 00000000 00:00 0 
7fe631aa9000-7fe631c89000 ---p 00000000 00:00 0 
7fe631c89000-7fe631c91000 rw-p 00000000 00:00 0 
7fe631c91000-7fe635611000 ---p 00000000 00:00 0 
7fe635611000-7fe635881000 rwxp 00000000 00:00 0 
7fe635881000-7fe635ba3000 ---p 00000000 00:00 0 
7fe635ba3000-7fe636673000 rwxp 00000000 00:00 0 
7fe636673000-7fe63d0da000 ---p 00000000 00:00 0 
7fe63d0da000-7fe63d3da000 rwxp 00000000 00:00 0 
7fe63d3da000-7fe644611000 ---p 00000000 00:00 0 
7fe644611000-7fe648000000 r--s 00000000 08:03 29233453                   /home/jcornejo/IDES/RAGNAX-STS/plugins/org.eclipse.justj.openjdk.hotspot.jre.full.linux.x86_64_15.0.0.v20201014-1246/jre/lib/modules
7fe648000000-7fe64ae7c000 rw-p 00000000 00:00 0 
7fe64ae7c000-7fe64c000000 ---p 00000000 00:00 0 
7fe64c008000-7fe64c00d000 r-xp 00000000 08:03 29233422                   /home/jcornejo/IDES/RAGNAX-STS/plugins/org.eclipse.justj.openjdk.hotspot.jre.full.linux.x86_64_15.0.0.v20201014-1246/jre/lib/libmanagement_ext.so
7fe64c00d000-7fe64c00e000 r--p 00004000 08:03 29233422                   /home/jcornejo/IDES/RAGNAX-STS/plugins/org.eclipse.justj.openjdk.hotspot.jre.full.linux.x86_64_15.0.0.v20201014-1246/jre/lib/libmanagement_ext.so
7fe64c00e000-7fe64c00f000 rw-p 00005000 08:03 29233422                   /home/jcornejo/IDES/RAGNAX-STS/plugins/org.eclipse.justj.openjdk.hotspot.jre.full.linux.x86_64_15.0.0.v20201014-1246/jre/lib/libmanagement_ext.so
7fe64c00f000-7fe64c014000 r-xp 00000000 08:03 29233423                   /home/jcornejo/IDES/RAGNAX-STS/plugins/org.eclipse.justj.openjdk.hotspot.jre.full.linux.x86_64_15.0.0.v20201014-1246/jre/lib/libdt_socket.so
7fe64c014000-7fe64c015000 r--p 00004000 08:03 29233423                   /home/jcornejo/IDES/RAGNAX-STS/plugins/org.eclipse.justj.openjdk.hotspot.jre.full.linux.x86_64_15.0.0.v20201014-1246/jre/lib/libdt_socket.so
7fe64c015000-7fe64c016000 rw-p 00005000 08:03 29233423                   /home/jcornejo/IDES/RAGNAX-STS/plugins/org.eclipse.justj.openjdk.hotspot.jre.full.linux.x86_64_15.0.0.v20201014-1246/jre/lib/libdt_socket.so
7fe64c016000-7fe64c01d000 r--s 00000000 08:02 22284635                   /usr/lib/x86_64-linux-gnu/gconv/gconv-modules.cache
7fe64c01d000-7fe64c302000 r--p 00000000 08:02 21893028                   /usr/lib/locale/locale-archive
7fe64c302000-7fe64c306000 ---p 00000000 00:00 0 
7fe64c306000-7fe64c403000 rw-p 00000000 00:00 0 
7fe64c403000-7fe64c407000 ---p 00000000 00:00 0 
7fe64c407000-7fe64c504000 rw-p 00000000 00:00 0 
7fe64c504000-7fe64c505000 ---p 00000000 00:00 0 
7fe64c505000-7fe64c723000 rw-p 00000000 00:00 0 
7fe64c723000-7fe64c724000 ---p 00000000 00:00 0 
7fe64c724000-7fe64c825000 rw-p 00000000 00:00 0 
7fe64c825000-7fe64c826000 ---p 00000000 00:00 0 
7fe64c826000-7fe64d12f000 rw-p 00000000 00:00 0 
7fe64d12f000-7fe64d130000 ---p 00000000 00:00 0 
7fe64d130000-7fe64d231000 rw-p 00000000 00:00 0 
7fe64d231000-7fe64d232000 ---p 00000000 00:00 0 
7fe64d232000-7fe64d333000 rw-p 00000000 00:00 0 
7fe64d333000-7fe64d334000 ---p 00000000 00:00 0 
7fe64d334000-7fe64d4ec000 rw-p 00000000 00:00 0 
7fe64d4ec000-7fe64d4ef000 ---p 00000000 00:00 0 
7fe64d4ef000-7fe64d4f2000 rw-p 00000000 00:00 0 
7fe64d4f2000-7fe64d52e000 ---p 00000000 00:00 0 
7fe64d52e000-7fe64d52f000 rw-p 00000000 00:00 0 
7fe64d52f000-7fe64dc5f000 ---p 00000000 00:00 0 
7fe64dc5f000-7fe64dc97000 rw-p 00000000 00:00 0 
7fe64dc97000-7fe64dc9a000 ---p 00000000 00:00 0 
7fe64dc9a000-7fe64dc9d000 rw-p 00000000 00:00 0 
7fe64dc9d000-7fe64dcd9000 ---p 00000000 00:00 0 
7fe64dcd9000-7fe64dcda000 rw-p 00000000 00:00 0 
7fe64dcda000-7fe64e40a000 ---p 00000000 00:00 0 
7fe64e40a000-7fe64e442000 rw-p 00000000 00:00 0 
7fe64e442000-7fe64e445000 ---p 00000000 00:00 0 
7fe64e445000-7fe64e448000 rw-p 00000000 00:00 0 
7fe64e448000-7fe64e484000 ---p 00000000 00:00 0 
7fe64e484000-7fe64e485000 rw-p 00000000 00:00 0 
7fe64e485000-7fe64ebb5000 ---p 00000000 00:00 0 
7fe64ebb5000-7fe64f3c3000 rw-p 00000000 00:00 0 
7fe64f3c3000-7fe64f4a8000 ---p 00000000 00:00 0 
7fe64f4a8000-7fe64f4be000 rw-p 00000000 00:00 0 
7fe64f4be000-7fe64f593000 ---p 00000000 00:00 0 
7fe64f593000-7fe64f596000 r--p 00000000 08:02 22287555                   /usr/lib/x86_64-linux-gnu/libnss_files-2.28.so
7fe64f596000-7fe64f59d000 r-xp 00003000 08:02 22287555                   /usr/lib/x86_64-linux-gnu/libnss_files-2.28.so
7fe64f59d000-7fe64f59f000 r--p 0000a000 08:02 22287555                   /usr/lib/x86_64-linux-gnu/libnss_files-2.28.so
7fe64f59f000-7fe64f5a0000 ---p 0000c000 08:02 22287555                   /usr/lib/x86_64-linux-gnu/libnss_files-2.28.so
7fe64f5a0000-7fe64f5a1000 r--p 0000c000 08:02 22287555                   /usr/lib/x86_64-linux-gnu/libnss_files-2.28.so
7fe64f5a1000-7fe64f5a2000 rw-p 0000d000 08:02 22287555                   /usr/lib/x86_64-linux-gnu/libnss_files-2.28.so
7fe64f5a2000-7fe64f5a8000 rw-p 00000000 00:00 0 
7fe64f5a8000-7fe64f5ac000 r-xp 00000000 08:03 29233454                   /home/jcornejo/IDES/RAGNAX-STS/plugins/org.eclipse.justj.openjdk.hotspot.jre.full.linux.x86_64_15.0.0.v20201014-1246/jre/lib/libmanagement.so
7fe64f5ac000-7fe64f5ad000 r--p 00003000 08:03 29233454                   /home/jcornejo/IDES/RAGNAX-STS/plugins/org.eclipse.justj.openjdk.hotspot.jre.full.linux.x86_64_15.0.0.v20201014-1246/jre/lib/libmanagement.so
7fe64f5ad000-7fe64f5ae000 rw-p 00004000 08:03 29233454                   /home/jcornejo/IDES/RAGNAX-STS/plugins/org.eclipse.justj.openjdk.hotspot.jre.full.linux.x86_64_15.0.0.v20201014-1246/jre/lib/libmanagement.so
7fe64f5ae000-7fe64f5b5000 r-xp 00000000 08:03 29233426                   /home/jcornejo/IDES/RAGNAX-STS/plugins/org.eclipse.justj.openjdk.hotspot.jre.full.linux.x86_64_15.0.0.v20201014-1246/jre/lib/libzip.so
7fe64f5b5000-7fe64f5b6000 ---p 00007000 08:03 29233426                   /home/jcornejo/IDES/RAGNAX-STS/plugins/org.eclipse.justj.openjdk.hotspot.jre.full.linux.x86_64_15.0.0.v20201014-1246/jre/lib/libzip.so
7fe64f5b6000-7fe64f5b7000 r--p 00007000 08:03 29233426                   /home/jcornejo/IDES/RAGNAX-STS/plugins/org.eclipse.justj.openjdk.hotspot.jre.full.linux.x86_64_15.0.0.v20201014-1246/jre/lib/libzip.so
7fe64f5b7000-7fe64f5b8000 rw-p 00008000 08:03 29233426                   /home/jcornejo/IDES/RAGNAX-STS/plugins/org.eclipse.justj.openjdk.hotspot.jre.full.linux.x86_64_15.0.0.v20201014-1246/jre/lib/libzip.so
7fe64f5b8000-7fe64f5bd000 rw-p 00000000 00:00 0 
7fe64f5bd000-7fe64f5c4000 ---p 00000000 00:00 0 
7fe64f5c4000-7fe64f5e8000 r-xp 00000000 08:03 29233448                   /home/jcornejo/IDES/RAGNAX-STS/plugins/org.eclipse.justj.openjdk.hotspot.jre.full.linux.x86_64_15.0.0.v20201014-1246/jre/lib/libjava.so
7fe64f5e8000-7fe64f5e9000 ---p 00024000 08:03 29233448                   /home/jcornejo/IDES/RAGNAX-STS/plugins/org.eclipse.justj.openjdk.hotspot.jre.full.linux.x86_64_15.0.0.v20201014-1246/jre/lib/libjava.so
7fe64f5e9000-7fe64f5ea000 r--p 00024000 08:03 29233448                   /home/jcornejo/IDES/RAGNAX-STS/plugins/org.eclipse.justj.openjdk.hotspot.jre.full.linux.x86_64_15.0.0.v20201014-1246/jre/lib/libjava.so
7fe64f5ea000-7fe64f5eb000 rw-p 00025000 08:03 29233448                   /home/jcornejo/IDES/RAGNAX-STS/plugins/org.eclipse.justj.openjdk.hotspot.jre.full.linux.x86_64_15.0.0.v20201014-1246/jre/lib/libjava.so
7fe64f5eb000-7fe64f5ec000 rw-p 00000000 00:00 0 
7fe64f5ec000-7fe64f629000 r-xp 00000000 08:03 29233447                   /home/jcornejo/IDES/RAGNAX-STS/plugins/org.eclipse.justj.openjdk.hotspot.jre.full.linux.x86_64_15.0.0.v20201014-1246/jre/lib/libjdwp.so
7fe64f629000-7fe64f62a000 r--p 0003c000 08:03 29233447                   /home/jcornejo/IDES/RAGNAX-STS/plugins/org.eclipse.justj.openjdk.hotspot.jre.full.linux.x86_64_15.0.0.v20201014-1246/jre/lib/libjdwp.so
7fe64f62a000-7fe64f62b000 rw-p 0003d000 08:03 29233447                   /home/jcornejo/IDES/RAGNAX-STS/plugins/org.eclipse.justj.openjdk.hotspot.jre.full.linux.x86_64_15.0.0.v20201014-1246/jre/lib/libjdwp.so
7fe64f62b000-7fe64f62c000 rw-p 00000000 00:00 0 
7fe64f62c000-7fe64f648000 r-xp 00000000 08:03 29233435                   /home/jcornejo/IDES/RAGNAX-STS/plugins/org.eclipse.justj.openjdk.hotspot.jre.full.linux.x86_64_15.0.0.v20201014-1246/jre/lib/libjimage.so
7fe64f648000-7fe64f64a000 r--p 0001b000 08:03 29233435                   /home/jcornejo/IDES/RAGNAX-STS/plugins/org.eclipse.justj.openjdk.hotspot.jre.full.linux.x86_64_15.0.0.v20201014-1246/jre/lib/libjimage.so
7fe64f64a000-7fe64f64b000 rw-p 0001d000 08:03 29233435                   /home/jcornejo/IDES/RAGNAX-STS/plugins/org.eclipse.justj.openjdk.hotspot.jre.full.linux.x86_64_15.0.0.v20201014-1246/jre/lib/libjimage.so
7fe64f64b000-7fe64f64d000 r--p 00000000 08:02 22287814                   /usr/lib/x86_64-linux-gnu/librt-2.28.so
7fe64f64d000-7fe64f651000 r-xp 00002000 08:02 22287814                   /usr/lib/x86_64-linux-gnu/librt-2.28.so
7fe64f651000-7fe64f653000 r--p 00006000 08:02 22287814                   /usr/lib/x86_64-linux-gnu/librt-2.28.so
7fe64f653000-7fe64f654000 r--p 00007000 08:02 22287814                   /usr/lib/x86_64-linux-gnu/librt-2.28.so
7fe64f654000-7fe64f655000 rw-p 00008000 08:02 22287814                   /usr/lib/x86_64-linux-gnu/librt-2.28.so
7fe64f655000-7fe64f659000 ---p 00000000 00:00 0 
7fe64f659000-7fe64f756000 rw-p 00000000 00:00 0 
7fe64f756000-7fe64f763000 r--p 00000000 08:02 22287381                   /usr/lib/x86_64-linux-gnu/libm-2.28.so
7fe64f763000-7fe64f802000 r-xp 0000d000 08:02 22287381                   /usr/lib/x86_64-linux-gnu/libm-2.28.so
7fe64f802000-7fe64f8d7000 r--p 000ac000 08:02 22287381                   /usr/lib/x86_64-linux-gnu/libm-2.28.so
7fe64f8d7000-7fe64f8d8000 r--p 00180000 08:02 22287381                   /usr/lib/x86_64-linux-gnu/libm-2.28.so
7fe64f8d8000-7fe64f8d9000 rw-p 00181000 08:02 22287381                   /usr/lib/x86_64-linux-gnu/libm-2.28.so
7fe64f8d9000-7fe65091f000 r-xp 00000000 08:03 29369359                   /home/jcornejo/IDES/RAGNAX-STS/plugins/org.eclipse.justj.openjdk.hotspot.jre.full.linux.x86_64_15.0.0.v20201014-1246/jre/lib/server/libjvm.so
7fe65091f000-7fe6509b9000 r--p 01045000 08:03 29369359                   /home/jcornejo/IDES/RAGNAX-STS/plugins/org.eclipse.justj.openjdk.hotspot.jre.full.linux.x86_64_15.0.0.v20201014-1246/jre/lib/server/libjvm.so
7fe6509b9000-7fe6509f0000 rw-p 010df000 08:03 29369359                   /home/jcornejo/IDES/RAGNAX-STS/plugins/org.eclipse.justj.openjdk.hotspot.jre.full.linux.x86_64_15.0.0.v20201014-1246/jre/lib/server/libjvm.so
7fe6509f0000-7fe650a7b000 rw-p 00000000 00:00 0 
7fe650a7b000-7fe650a9d000 r--p 00000000 08:02 22286453                   /usr/lib/x86_64-linux-gnu/libc-2.28.so
7fe650a9d000-7fe650be5000 r-xp 00022000 08:02 22286453                   /usr/lib/x86_64-linux-gnu/libc-2.28.so
7fe650be5000-7fe650c31000 r--p 0016a000 08:02 22286453                   /usr/lib/x86_64-linux-gnu/libc-2.28.so
7fe650c31000-7fe650c32000 ---p 001b6000 08:02 22286453                   /usr/lib/x86_64-linux-gnu/libc-2.28.so
7fe650c32000-7fe650c36000 r--p 001b6000 08:02 22286453                   /usr/lib/x86_64-linux-gnu/libc-2.28.so
7fe650c36000-7fe650c38000 rw-p 001ba000 08:02 22286453                   /usr/lib/x86_64-linux-gnu/libc-2.28.so
7fe650c38000-7fe650c3c000 rw-p 00000000 00:00 0 
7fe650c3c000-7fe650c3d000 r--p 00000000 08:02 22286615                   /usr/lib/x86_64-linux-gnu/libdl-2.28.so
7fe650c3d000-7fe650c3e000 r-xp 00001000 08:02 22286615                   /usr/lib/x86_64-linux-gnu/libdl-2.28.so
7fe650c3e000-7fe650c3f000 r--p 00002000 08:02 22286615                   /usr/lib/x86_64-linux-gnu/libdl-2.28.so
7fe650c3f000-7fe650c40000 r--p 00002000 08:02 22286615                   /usr/lib/x86_64-linux-gnu/libdl-2.28.so
7fe650c40000-7fe650c41000 rw-p 00003000 08:02 22286615                   /usr/lib/x86_64-linux-gnu/libdl-2.28.so
7fe650c41000-7fe650c47000 r--p 00000000 08:02 22287754                   /usr/lib/x86_64-linux-gnu/libpthread-2.28.so
7fe650c47000-7fe650c56000 r-xp 00006000 08:02 22287754                   /usr/lib/x86_64-linux-gnu/libpthread-2.28.so
7fe650c56000-7fe650c5c000 r--p 00015000 08:02 22287754                   /usr/lib/x86_64-linux-gnu/libpthread-2.28.so
7fe650c5c000-7fe650c5d000 r--p 0001a000 08:02 22287754                   /usr/lib/x86_64-linux-gnu/libpthread-2.28.so
7fe650c5d000-7fe650c5e000 rw-p 0001b000 08:02 22287754                   /usr/lib/x86_64-linux-gnu/libpthread-2.28.so
7fe650c5e000-7fe650c62000 rw-p 00000000 00:00 0 
7fe650c62000-7fe650c71000 r-xp 00000000 08:03 29233452                   /home/jcornejo/IDES/RAGNAX-STS/plugins/org.eclipse.justj.openjdk.hotspot.jre.full.linux.x86_64_15.0.0.v20201014-1246/jre/lib/libjli.so
7fe650c71000-7fe650c72000 r--p 0000e000 08:03 29233452                   /home/jcornejo/IDES/RAGNAX-STS/plugins/org.eclipse.justj.openjdk.hotspot.jre.full.linux.x86_64_15.0.0.v20201014-1246/jre/lib/libjli.so
7fe650c72000-7fe650c73000 rw-p 0000f000 08:03 29233452                   /home/jcornejo/IDES/RAGNAX-STS/plugins/org.eclipse.justj.openjdk.hotspot.jre.full.linux.x86_64_15.0.0.v20201014-1246/jre/lib/libjli.so
7fe650c73000-7fe650c8f000 r-xp 00000000 08:02 22288247                   /usr/lib/x86_64-linux-gnu/libz.so.1.2.11
7fe650c8f000-7fe650e8f000 ---p 0001c000 08:02 22288247                   /usr/lib/x86_64-linux-gnu/libz.so.1.2.11
7fe650e8f000-7fe650e90000 r--p 0001c000 08:02 22288247                   /usr/lib/x86_64-linux-gnu/libz.so.1.2.11
7fe650e90000-7fe650e91000 rw-p 0001d000 08:02 22288247                   /usr/lib/x86_64-linux-gnu/libz.so.1.2.11
7fe650e92000-7fe650e94000 r-xp 00000000 08:03 29233438                   /home/jcornejo/IDES/RAGNAX-STS/plugins/org.eclipse.justj.openjdk.hotspot.jre.full.linux.x86_64_15.0.0.v20201014-1246/jre/lib/libextnet.so
7fe650e94000-7fe650e95000 r--p 00001000 08:03 29233438                   /home/jcornejo/IDES/RAGNAX-STS/plugins/org.eclipse.justj.openjdk.hotspot.jre.full.linux.x86_64_15.0.0.v20201014-1246/jre/lib/libextnet.so
7fe650e95000-7fe650e96000 rw-p 00002000 08:03 29233438                   /home/jcornejo/IDES/RAGNAX-STS/plugins/org.eclipse.justj.openjdk.hotspot.jre.full.linux.x86_64_15.0.0.v20201014-1246/jre/lib/libextnet.so
7fe650e96000-7fe650e9e000 rw-s 00000000 08:02 262485                     /tmp/hsperfdata_jcornejo/25922
7fe650e9e000-7fe650ea8000 r-xp 00000000 08:03 29233446                   /home/jcornejo/IDES/RAGNAX-STS/plugins/org.eclipse.justj.openjdk.hotspot.jre.full.linux.x86_64_15.0.0.v20201014-1246/jre/lib/libinstrument.so
7fe650ea8000-7fe650ea9000 r--p 00009000 08:03 29233446                   /home/jcornejo/IDES/RAGNAX-STS/plugins/org.eclipse.justj.openjdk.hotspot.jre.full.linux.x86_64_15.0.0.v20201014-1246/jre/lib/libinstrument.so
7fe650ea9000-7fe650eaa000 rw-p 0000a000 08:03 29233446                   /home/jcornejo/IDES/RAGNAX-STS/plugins/org.eclipse.justj.openjdk.hotspot.jre.full.linux.x86_64_15.0.0.v20201014-1246/jre/lib/libinstrument.so
7fe650eaa000-7fe650eab000 ---p 00000000 00:00 0 
7fe650eab000-7fe650eac000 r--p 00000000 00:00 0 
7fe650eac000-7fe650ead000 ---p 00000000 00:00 0 
7fe650ead000-7fe650eaf000 rw-p 00000000 00:00 0 
7fe650eaf000-7fe650eb0000 r--p 00000000 08:02 22285797                   /usr/lib/x86_64-linux-gnu/ld-2.28.so
7fe650eb0000-7fe650ece000 r-xp 00001000 08:02 22285797                   /usr/lib/x86_64-linux-gnu/ld-2.28.so
7fe650ece000-7fe650ed6000 r--p 0001f000 08:02 22285797                   /usr/lib/x86_64-linux-gnu/ld-2.28.so
7fe650ed6000-7fe650ed7000 r--p 00026000 08:02 22285797                   /usr/lib/x86_64-linux-gnu/ld-2.28.so
7fe650ed7000-7fe650ed8000 rw-p 00027000 08:02 22285797                   /usr/lib/x86_64-linux-gnu/ld-2.28.so
7fe650ed8000-7fe650ed9000 rw-p 00000000 00:00 0 
7ffe2cf85000-7ffe2cfa9000 rw-p 00000000 00:00 0                          [stack]
7ffe2cfe9000-7ffe2cfec000 r--p 00000000 00:00 0                          [vvar]
7ffe2cfec000-7ffe2cfee000 r-xp 00000000 00:00 0                          [vdso]


VM Arguments:
jvm_args: -XX:+ShowCodeDetailsInExceptionMessages -agentlib:jdwp=transport=dt_socket,suspend=y,address=localhost:41121 -ea -javaagent:/home/jcornejo/IDES/RAGNAX-STS/configuration/org.eclipse.osgi/257/0/.cp/lib/javaagent-shaded.jar -Dfile.encoding=UTF-8 
java_command: org.eclipse.jdt.internal.junit.runner.RemoteTestRunner -version 3 -port 44181 -testLoaderClass org.eclipse.jdt.internal.junit5.runner.JUnit5TestLoader -loaderpluginname org.eclipse.jdt.junit5.runtime -classNames com.desafio.Desafio20210318ApplicationTests
java_class_path (initial): /home/jcornejo/WORKSPACES/Entrevistas/desafio-20210318/target/test-classes:/home/jcornejo/WORKSPACES/Entrevistas/desafio-20210318/target/classes:/home/jcornejo/.m2/repository/org/springframework/boot/spring-boot-starter-data-jpa/2.2.2.RELEASE/spring-boot-starter-data-jpa-2.2.2.RELEASE.jar:/home/jcornejo/.m2/repository/org/springframework/boot/spring-boot-starter-aop/2.2.2.RELEASE/spring-boot-starter-aop-2.2.2.RELEASE.jar:/home/jcornejo/.m2/repository/org/springframework/spring-aop/5.2.2.RELEASE/spring-aop-5.2.2.RELEASE.jar:/home/jcornejo/.m2/repository/org/aspectj/aspectjweaver/1.9.5/aspectjweaver-1.9.5.jar:/home/jcornejo/.m2/repository/org/springframework/boot/spring-boot-starter-jdbc/2.2.2.RELEASE/spring-boot-starter-jdbc-2.2.2.RELEASE.jar:/home/jcornejo/.m2/repository/com/zaxxer/HikariCP/3.4.1/HikariCP-3.4.1.jar:/home/jcornejo/.m2/repository/org/springframework/spring-jdbc/5.2.2.RELEASE/spring-jdbc-5.2.2.RELEASE.jar:/home/jcornejo/.m2/repository/jakarta/activation/jakarta.activation-api/1.2.1/jakarta.activation-api-1.2.1.jar:/home/jcornejo/.m2/repository/jakarta/persistence/jakarta.persistence-api/2.2.3/jakarta.persistence-api-2.2.3.jar:/home/jcornejo/.m2/repository/jakarta/transaction/jakarta.transaction-api/1.3.3/jakarta.transaction-api-1.3.3.jar:/home/jcornejo/.m2/repository/org/hibernate/hibernate-core/5.4.9.Final/hibernate-core-5.4.9.Final.jar:/home/jcornejo/.m2/repository/org/jboss/logging/jboss-logging/3.4.1.Final/jboss-logging-3.4.1.Final.jar:/home/jcornejo/.m2/repository/org/javassist/javassist/3.24.0-GA/javassist-3.24.0-GA.jar:/home/jcornejo/.m2/repository/net/bytebuddy/byte-buddy/1.10.4/byte-buddy-1.10.4.jar:/home/jcornejo/.m2/repository/antlr/antlr/2.7.7/antlr-2.7.7.jar:/home/jcornejo/.m2/repository/org/jboss/jandex/2.1.1.Final/jandex-2.1.1.Final.jar:/home/jcornejo/.m2/repository/org/dom4j/dom4j/2.1.1/dom4j-2.1.1.jar:/home/jcornejo/.m2/repository/org/hibernate/common/hibernate-commons-annotations/5.1.0.Final/hibernate-comm
Launcher Type: SUN_STANDARD

[Global flags]
     intx CICompilerCount                          = 4                                         {product} {ergonomic}
     uint ConcGCThreads                            = 2                                         {product} {ergonomic}
     uint G1ConcRefinementThreads                  = 8                                         {product} {ergonomic}
   size_t G1HeapRegionSize                         = 2097152                                   {product} {ergonomic}
    uintx GCDrainStackTargetSize                   = 64                                        {product} {ergonomic}
   size_t InitialHeapSize                          = 257949696                                 {product} {ergonomic}
   size_t MarkStackSize                            = 4194304                                   {product} {ergonomic}
   size_t MaxHeapSize                              = 4116709376                                {product} {ergonomic}
   size_t MaxNewSize                               = 2468347904                                {product} {ergonomic}
   size_t MinHeapDeltaBytes                        = 2097152                                   {product} {ergonomic}
   size_t MinHeapSize                              = 8388608                                   {product} {ergonomic}
    uintx NonNMethodCodeHeapSize                   = 5839372                                {pd product} {ergonomic}
    uintx NonProfiledCodeHeapSize                  = 122909434                              {pd product} {ergonomic}
    uintx ProfiledCodeHeapSize                     = 122909434                              {pd product} {ergonomic}
    uintx ReservedCodeCacheSize                    = 251658240                              {pd product} {ergonomic}
     bool SegmentedCodeCache                       = true                                      {product} {ergonomic}
     bool ShowCodeDetailsInExceptionMessages       = true                                   {manageable} {command line}
   size_t SoftMaxHeapSize                          = 4116709376                             {manageable} {ergonomic}
     bool UseCompressedClassPointers               = true                                 {lp64_product} {ergonomic}
     bool UseCompressedOops                        = true                                 {lp64_product} {ergonomic}
     bool UseG1GC                                  = true                                      {product} {ergonomic}

Logging:
Log output configuration:
 #0: stdout all=warning uptime,level,tags
 #1: stderr all=off uptime,level,tags

Environment Variables:
JAVA_HOME=/lib/jvm/java-11-openjdk-amd64
PATH=/usr/local/bin:/usr/bin:/bin:/usr/local/games:/usr/games
USERNAME=jcornejo
SHELL=/bin/bash
DISPLAY=:1
LANG=es_CL.UTF-8

Signal Handlers:
SIGSEGV: [libjvm.so+0xd62780], sa_mask[0]=11111111011111111101111111111110, sa_flags=SA_RESTART|SA_SIGINFO
SIGBUS: [libjvm.so+0xd62780], sa_mask[0]=11111111011111111101111111111110, sa_flags=SA_RESTART|SA_SIGINFO
SIGFPE: [libjvm.so+0xd62780], sa_mask[0]=11111111011111111101111111111110, sa_flags=SA_RESTART|SA_SIGINFO
SIGPIPE: [libjvm.so+0xb402b0], sa_mask[0]=11111111011111111101111111111110, sa_flags=SA_RESTART|SA_SIGINFO
SIGXFSZ: [libjvm.so+0xb402b0], sa_mask[0]=11111111011111111101111111111110, sa_flags=SA_RESTART|SA_SIGINFO
SIGILL: [libjvm.so+0xd62780], sa_mask[0]=11111111011111111101111111111110, sa_flags=SA_RESTART|SA_SIGINFO
SIGUSR2: [libjvm.so+0xb40150], sa_mask[0]=00100000000000000000000000000000, sa_flags=SA_RESTART|SA_SIGINFO
SIGHUP: [libjvm.so+0xb409c0], sa_mask[0]=11111111011111111101111111111110, sa_flags=SA_RESTART|SA_SIGINFO
SIGINT: [libjvm.so+0xb409c0], sa_mask[0]=11111111011111111101111111111110, sa_flags=SA_RESTART|SA_SIGINFO
SIGTERM: [libjvm.so+0xb409c0], sa_mask[0]=11111111011111111101111111111110, sa_flags=SA_RESTART|SA_SIGINFO
SIGQUIT: [libjvm.so+0xb409c0], sa_mask[0]=11111111011111111101111111111110, sa_flags=SA_RESTART|SA_SIGINFO


---------------  S Y S T E M  ---------------

OS:
PRETTY_NAME="Debian GNU/Linux 10 (buster)"
NAME="Debian GNU/Linux"
VERSION_ID="10"
VERSION="10 (buster)"
VERSION_CODENAME=buster
ID=debian
HOME_URL="https://www.debian.org/"
SUPPORT_URL="https://www.debian.org/support"
BUG_REPORT_URL="https://bugs.debian.org/"
uname: Linux 4.19.0-14-amd64 #1 SMP Debian 4.19.171-2 (2021-01-30) x86_64
OS uptime: 0 days 7:54 hours
libc: glibc 2.28 NPTL 2.28 
rlimit (soft/hard): STACK 8192k/infinity , CORE 0k/infinity , NPROC 62641/62641 , NOFILE 1048576/1048576 , AS infinity/infinity , CPU infinity/infinity , DATA infinity/infinity , FSIZE infinity/infinity , MEMLOCK 65536k/65536k
load average: 0,74 1,32 1,69

/proc/meminfo:
MemTotal:       16076748 kB
MemFree:          213800 kB
MemAvailable:    4465364 kB
Buffers:          418696 kB
Cached:          4959428 kB
SwapCached:         2204 kB
Active:         10353000 kB
Inactive:        4755448 kB
Active(anon):    8577584 kB
Inactive(anon):  2221692 kB
Active(file):    1775416 kB
Inactive(file):  2533756 kB
Unevictable:         264 kB
Mlocked:             264 kB
SwapTotal:      48827388 kB
SwapFree:       48814064 kB
Dirty:               388 kB
Writeback:             0 kB
AnonPages:       9521844 kB
Mapped:          1208368 kB
Shmem:           1075988 kB
Slab:             479764 kB
SReclaimable:     284076 kB
SUnreclaim:       195688 kB
KernelStack:       33376 kB
PageTables:        94776 kB
NFS_Unstable:          0 kB
Bounce:                0 kB
WritebackTmp:          0 kB
CommitLimit:    56865760 kB
Committed_AS:   34595496 kB
VmallocTotal:   34359738367 kB
VmallocUsed:           0 kB
VmallocChunk:          0 kB
Percpu:             4128 kB
HardwareCorrupted:     0 kB
AnonHugePages:   4364288 kB
ShmemHugePages:        0 kB
ShmemPmdMapped:        0 kB
HugePages_Total:       0
HugePages_Free:        0
HugePages_Rsvd:        0
HugePages_Surp:        0
Hugepagesize:       2048 kB
Hugetlb:               0 kB
DirectMap4k:      534700 kB
DirectMap2M:    15888384 kB
DirectMap1G:           0 kB

/sys/kernel/mm/transparent_hugepage/enabled: [always] madvise never
/sys/kernel/mm/transparent_hugepage/defrag (defrag/compaction efforts parameter): always defer defer+madvise [madvise] never

/proc/sys/kernel/threads-max (system-wide limit on the number of threads): 125283
/proc/sys/vm/max_map_count (maximum number of memory map areas a process may have): 65530
/proc/sys/kernel/pid_max (system-wide limit on number of process identifiers): 32768

container (cgroup) information:
container_type: cgroupv1
cpu_cpuset_cpus: 0-7
cpu_memory_nodes: 0
active_processor_count: 8
cpu_quota: no quota
cpu_period: 100000
cpu_shares: no shares
memory_limit_in_bytes: unlimited
memory_and_swap_limit_in_bytes: not supported
memory_soft_limit_in_bytes: unlimited
memory_usage_in_bytes: 7141220352
memory_max_usage_in_bytes: 7288532992

Steal ticks since vm start: 0
Steal ticks percentage since vm start:  0,000

CPU: total 8 (initial active 8) (4 cores per cpu, 2 threads per core) family 6 model 142 stepping 10, cmov, cx8, fxsr, mmx, sse, sse2, sse3, ssse3, sse4.1, sse4.2, popcnt, vzeroupper, avx, avx2, aes, clmul, erms, 3dnowpref, lzcnt, ht, tsc, tscinvbit, bmi1, bmi2, adx, fma, clflush, clflushopt
CPU Model and flags from /proc/cpuinfo:
model name	: Intel(R) Core(TM) i7-8550U CPU @ 1.80GHz
flags		: fpu vme de pse tsc msr pae mce cx8 apic sep mtrr pge mca cmov pat pse36 clflush dts acpi mmx fxsr sse sse2 ss ht tm pbe syscall nx pdpe1gb rdtscp lm constant_tsc art arch_perfmon pebs bts rep_good nopl xtopology nonstop_tsc cpuid aperfmperf tsc_known_freq pni pclmulqdq dtes64 monitor ds_cpl vmx est tm2 ssse3 sdbg fma cx16 xtpr pdcm pcid sse4_1 sse4_2 x2apic movbe popcnt tsc_deadline_timer aes xsave avx f16c rdrand lahf_lm abm 3dnowprefetch cpuid_fault epb invpcid_single pti ibrs ibpb stibp tpr_shadow vnmi flexpriority ept vpid ept_ad fsgsbase tsc_adjust bmi1 avx2 smep bmi2 erms invpcid mpx rdseed adx smap clflushopt intel_pt xsaveopt xsavec xgetbv1 xsaves dtherm ida arat pln pts hwp hwp_notify hwp_act_window hwp_epp

Online cpus: 0-7
Offline cpus: 
BIOS frequency limitation: <Not Available>
Frequency switch latency (ns): 0
Available cpu frequencies: <Not Available>
Current governor: powersave
Core performance/turbo boost: <Not Available>

Memory: 4k page, physical 16076748k(213800k free), swap 48827388k(48814064k free)

vm_info: OpenJDK 64-Bit Server VM (15+36-1562) for linux-amd64 JRE (15+36-1562), built on Aug 11 2020 21:25:56 by "mach5one" with gcc 9.2.0

END.
